2023-08-27 16:39:24,126 **** ERROR **** serializers **** serializers.py **** Line: 132 **** Couldn't create Connect Account for the User'
2023-08-27 16:40:07,901 **** ERROR **** serializers **** serializers.py **** Line: 133 **** Couldn't create Connect Account for the User'
2023-08-27 16:40:47,238 **** ERROR **** serializers **** serializers.py **** Line: 132 **** Couldn't create Connect Account for the User'
2023-08-27 16:41:08,253 **** ERROR **** serializers **** serializers.py **** Line: 132 **** Couldn't create Connect Account for the User'
2023-08-27 18:25:23,645 **** ERROR **** serializers **** serializers.py **** Line: 184 **** Can't create Card No API key provided. (HINT: set your API key using "stripe.api_key = <API-KEY>"). You can generate API keys from the Stripe web interface.  See https://stripe.com/api for details, or email support@stripe.com if you have any questions.'
2023-08-27 18:25:52,733 **** ERROR **** serializers **** serializers.py **** Line: 184 **** Can't create Card No API key provided. (HINT: set your API key using "stripe.api_key = <API-KEY>"). You can generate API keys from the Stripe web interface.  See https://stripe.com/api for details, or email support@stripe.com if you have any questions.'
2023-08-27 18:26:58,990 **** ERROR **** serializers **** serializers.py **** Line: 184 **** Can't create Card No API key provided. (HINT: set your API key using "stripe.api_key = <API-KEY>"). You can generate API keys from the Stripe web interface.  See https://stripe.com/api for details, or email support@stripe.com if you have any questions.'
2023-08-27 18:30:12,171 **** ERROR **** serializers **** serializers.py **** Line: 200 **** Can't attach card to customer No API key provided. (HINT: set your API key using "stripe.api_key = <API-KEY>"). You can generate API keys from the Stripe web interface.  See https://stripe.com/api for details, or email support@stripe.com if you have any questions.'
2023-08-27 18:31:53,543 **** ERROR **** serializers **** serializers.py **** Line: 201 **** Can't attach card to customer 'User' object has no attribute 'customer''
2023-08-27 18:33:01,927 **** ERROR **** serializers **** serializers.py **** Line: 201 **** Can't attach card to customer ['“{\n  "address_city": null,\n  "address_country": null,\n  "address_line1": null,\n  "address_line1_check": null,\n  "address_line2": null,\n  "address_state": null,\n  "address_zip": null,\n  "address_zip_check": null,\n  "brand": "Visa",\n  "country": "US",\n  "customer": "cus_OWr02IPSut1tSh",\n  "cvc_check": null,\n  "dynamic_last4": null,\n  "exp_month": 8,\n  "exp_year": 2024,\n  "fingerprint": "nAKDEhYjcZGPgDyz",\n  "funding": "credit",\n  "id": "card_1NjnlhApCx3tuvVbgyQ1XBQr",\n  "last4": "4242",\n  "metadata": {},\n  "name": null,\n  "object": "card",\n  "tokenization_method": null,\n  "wallet": null\n}” is not a valid UUID.']'
2023-08-27 18:34:33,765 **** ERROR **** serializers **** serializers.py **** Line: 201 **** Can't attach card to customer 'User' object has no attribute 'customer''
2023-08-28 04:57:04,515 **** ERROR **** serializers **** serializers.py **** Line: 24 **** Price is required for the Product'
2023-08-28 04:57:54,276 **** ERROR **** serializers **** serializers.py **** Line: 24 **** Price is required for the Product'
2023-08-28 04:58:19,102 **** ERROR **** serializers **** serializers.py **** Line: 24 **** Price is required for the Product'
2023-08-28 04:58:58,047 **** ERROR **** serializers **** serializers.py **** Line: 24 **** Price is required for the Product'
2023-08-28 05:00:05,896 **** ERROR **** serializers **** serializers.py **** Line: 24 **** Price is required for the Product'
2023-08-28 06:39:32,182 **** ERROR **** serializers **** serializers.py **** Line: 202 **** Can't create Transaction: Reverse for 'transaction' not found. 'transaction' is not a valid view function or pattern name.'
2023-08-28 06:53:19,383 **** ERROR **** serializers **** serializers.py **** Line: 202 **** Can't create Transaction: Request req_yCs94HShypaSkz: Invalid URL: /api/transaction/. URLs must begin with http or https.'
2023-08-28 07:14:06,524 **** ERROR **** serializers **** serializers.py **** Line: 190 **** Can't create Transaction '
2023-08-28 07:14:39,465 **** ERROR **** serializers **** serializers.py **** Line: 190 **** Can't create Transaction: NOT NULL constraint failed: accounts_transaction.product_id '
2023-08-28 07:15:56,816 **** ERROR **** serializers **** serializers.py **** Line: 191 **** Can't create Transaction: NOT NULL constraint failed: accounts_transaction.product_id '
2023-08-28 07:20:38,020 **** ERROR **** serializers **** serializers.py **** Line: 191 **** Can't create Transaction: NOT NULL constraint failed: accounts_transaction.product_id '
2023-08-28 07:21:26,173 **** ERROR **** serializers **** serializers.py **** Line: 191 **** Can't create Transaction: NOT NULL constraint failed: accounts_transaction.product_id '
2023-08-28 07:28:41,853 **** ERROR **** serializers **** serializers.py **** Line: 229 **** Can't create Transaction: Reverse for 'payment_successful' with arguments '(UUID('c3f4f3aa-b254-47e2-a7b4-62d8866b476e'),)' not found. 1 pattern(s) tried: ['api/payment_successful/\\Z']'
2023-08-28 07:29:05,986 **** ERROR **** serializers **** serializers.py **** Line: 229 **** Can't create Transaction: Reverse for 'payment_successful' with arguments '('196cd8cb-de77-4c1a-ba88-0a4f40839933',)' not found. 1 pattern(s) tried: ['api/payment_successful/\\Z']'
2023-08-28 07:30:11,164 **** ERROR **** serializers **** serializers.py **** Line: 230 **** Can't create Transaction: Reverse for 'payment_successful' with arguments '('7dcbb8e9-ec04-46ba-98f4-98e827b83cfa',)' not found. 1 pattern(s) tried: ['api/payment_successful/\\Z']'
2023-08-28 07:32:29,028 **** ERROR **** serializers **** serializers.py **** Line: 230 **** Can't create Transaction: Reverse for 'payment_successful' with arguments '('9', '9', 'a', 'b', 'd', '7', '6', '2', '-', 'e', '5', '2', '4', '-', '4', '8', '6', '1', '-', 'b', '8', '6', 'a', '-', '1', '8', '2', 'a', '4', 'e', '2', '1', 'd', '2', '0', '4')' not found. 1 pattern(s) tried: ['api/payment_successful/\\Z']'
2023-08-28 07:32:44,099 **** ERROR **** serializers **** serializers.py **** Line: 230 **** Can't create Transaction: Reverse for 'payment_successful' with arguments '('6300d872-86fd-4997-99b6-c9bb82aa1fc3',)' not found. 1 pattern(s) tried: ['api/payment_successful/\\Z']'
2023-08-28 08:53:09,250 **** ERROR **** serializers **** serializers.py **** Line: 77 **** Can't create Message: no such table: app_control_message '
2023-08-28 08:57:07,756 **** ERROR **** serializers **** serializers.py **** Line: 78 **** Can't create Message: QuerySet.create() takes 1 positional argument but 2 were given '
2023-08-28 08:59:15,687 **** ERROR **** serializers **** serializers.py **** Line: 83 **** Can't create Message: QuerySet.create() takes 1 positional argument but 2 were given '
2023-08-28 08:59:21,866 **** ERROR **** serializers **** serializers.py **** Line: 83 **** Can't create Message: QuerySet.create() takes 1 positional argument but 2 were given '
2023-08-29 05:30:40,784 **** ERROR **** serializers **** serializers.py **** Line: 133 **** Can't create User send_mail() missing 3 required positional arguments: 'message', 'from_email', and 'recipient_list''
2023-08-29 05:46:38,101 **** INFO **** serializers **** serializers.py **** Line: 113 **** eyJhbGciOiJIUzI1NiIsInR5cCI6IkpXVCJ9.eyJ0b2tlbl90eXBlIjoicmVmcmVzaCIsImV4cCI6MTY5MzM3NDM5OCwiaWF0IjoxNjkzMjg3OTk4LCJqdGkiOiJkNjJiYjYzZWIxOTc0MzRhOTFmZjQ0OWI0MTdmZjU1MiIsInVzZXJfaWQiOiI5ZTI5YzY0MS0yNTgzLTRlNTEtYjRhOS1hMjM5MjU0YTBiNWQifQ.uUJIMbG-leCPkfF4oyjxnhGlbCai0qbi6L_RttsdpdA'
2023-08-29 05:47:28,667 **** INFO **** serializers **** serializers.py **** Line: 118 **** http://127.0.0.1:8000/api/verify/eyJhbGciOiJIUzI1NiIsInR5cCI6IkpXVCJ9.eyJ0b2tlbl90eXBlIjoicmVmcmVzaCIsImV4cCI6MTY5MzM3NDQ0OCwiaWF0IjoxNjkzMjg4MDQ4LCJqdGkiOiI4YmZjZmMxNGQyMzg0MzQwYWNmMWY3OTdkZjZhOTQ4NiIsInVzZXJfaWQiOiJkYzFhYjJkYi1jOWZmLTQxYTYtYTgxNC1jNDZhNjE0ZDg1MjIifQ.xq2BPzWLIt0JvNRPEIPRwJZ2hN1JD4M1HaSCzsXecwg/'
2023-08-29 05:48:15,538 **** INFO **** serializers **** serializers.py **** Line: 118 **** http://127.0.0.1:8000/api/verify/eyJhbGciOiJIUzI1NiIsInR5cCI6IkpXVCJ9.eyJ0b2tlbl90eXBlIjoicmVmcmVzaCIsImV4cCI6MTY5MzM3NDQ5NSwiaWF0IjoxNjkzMjg4MDk1LCJqdGkiOiJjNmRkMzljYWE2NzQ0MzVmODJkODAyMTdkNjQwODNiYiIsInVzZXJfaWQiOiI2ODc0YWYzNC0xMzhlLTQyMDItODYxMS03ZTA4MTBmZTEzY2QifQ.QUHuamZZZ-EWX44gA0vyhxBJsMTVbjvvtLaXCw29YTY/'
2023-08-29 05:49:56,282 **** INFO **** serializers **** serializers.py **** Line: 118 **** http://127.0.0.1:8000/api/verify/eyJhbGciOiJIUzI1NiIsInR5cCI6IkpXVCJ9.eyJ0b2tlbl90eXBlIjoicmVmcmVzaCIsImV4cCI6MTY5MzM3NDU5NiwiaWF0IjoxNjkzMjg4MTk2LCJqdGkiOiI1NWEyMjZkN2ZjZDg0YjRhOTc3ZmQ0OWJjNzM2NGUyMCIsInVzZXJfaWQiOiI0YTJlOGViOS03MjllLTRkYTQtYmY5OC1lMzk2NWNjZjAxODIifQ.wT6nEEPYQxmPA1p4aH7zoaPxu5JySQLAa_xGU9oQj9E/'
2023-08-29 06:00:03,288 **** INFO **** serializers **** serializers.py **** Line: 140 **** http://127.0.0.1:8000/api/verify/eyJhbGciOiJIUzI1NiIsInR5cCI6IkpXVCJ9.eyJ0b2tlbl90eXBlIjoicmVmcmVzaCIsImV4cCI6MTY5MzM3NTIwMywiaWF0IjoxNjkzMjg4ODAzLCJqdGkiOiIzNzA3ZjE3M2JiYjc0NzMwYjNmODg3YWRhYTE1ZGFlMiIsInVzZXJfaWQiOiI4MmVlNmFkNy05NzRjLTRmYjQtYTI5OS04MTZhNDcwN2VmMzEifQ.rVo1JplGgqNS9QcSvx1et1Qip7AVturIMhz7q3_RacY/'
2023-08-29 06:21:28,499 **** INFO **** serializers **** serializers.py **** Line: 140 **** http://127.0.0.1:8000/api/verify/eyJhbGciOiJIUzI1NiIsInR5cCI6IkpXVCJ9.eyJ0b2tlbl90eXBlIjoicmVmcmVzaCIsImV4cCI6MTY5MzM3NjQ4OCwiaWF0IjoxNjkzMjkwMDg4LCJqdGkiOiIwYjQxMDUxZDcyZjM0NDVhOWFiYWMwN2JjMjY2YjA5NyIsInVzZXJfaWQiOiIyZGYwMzViOS1hYThjLTRlYjItYWFkMS1iNjUyNDBmM2MxZjkifQ.N5C1n5-pz3Whwzlb9znSpzC72eITCaLAXrQ3sJzIId0/'
2023-08-29 06:26:30,241 **** INFO **** serializers **** serializers.py **** Line: 141 **** http://127.0.0.1:8000/api/verify/'
2023-08-29 06:27:00,455 **** INFO **** serializers **** serializers.py **** Line: 140 **** http://127.0.0.1:8000/api/verify?token=eyJhbGciOiJIUzI1NiIsInR5cCI6IkpXVCJ9.eyJ0b2tlbl90eXBlIjoicmVmcmVzaCIsImV4cCI6MTY5MzM3NjgyMCwiaWF0IjoxNjkzMjkwNDIwLCJqdGkiOiJiZjcyMzZlY2VhNmE0ZWI5YWNkMGI4MzAwNDJjNDZmNCIsInVzZXJfaWQiOiI3MWE3ZmQ3MC1mMGU0LTRkYmEtODZhMi0zOWQ0NGJhOWExN2MifQ.tPvlmW8-hAZE7Llo15dBDQcGnhD-cJKzOMuLoTnwOLM'
2023-08-29 06:33:28,853 **** INFO **** serializers **** serializers.py **** Line: 142 **** http://127.0.0.1:8000/api/verify?token=eyJhbGciOiJIUzI1NiIsInR5cCI6IkpXVCJ9.eyJ0b2tlbl90eXBlIjoicmVmcmVzaCIsImV4cCI6MTY5MzM3NzIwOCwiaWF0IjoxNjkzMjkwODA4LCJqdGkiOiIxMTA3N2JjYTgyZGQ0NTUzYjQzNDM5ODlhNmQxOTRlYiIsInVzZXJfaWQiOiJjZWM3ODhjYy0xZWJjLTRjMzUtYjkyYy03ZDRjNDUwYjcwYzYifQ.GsSD7xy2W-4jwZKt8hYLYPnfJAtxGc5CO3E-gybALb8'
2023-08-29 06:36:08,968 **** INFO **** serializers **** serializers.py **** Line: 142 **** http://127.0.0.1:8000/api/verify?token=eyJhbGciOiJIUzI1NiIsInR5cCI6IkpXVCJ9.eyJ0b2tlbl90eXBlIjoicmVmcmVzaCIsImV4cCI6MTY5MzM3NzM2OCwiaWF0IjoxNjkzMjkwOTY4LCJqdGkiOiIzZmVmMmFiNWVkYTI0ODNkOTBlMTMyYmMxOWIxNmVmMSIsInVzZXJfaWQiOiI0NzgzMzZhNC0yNjQwLTQyYWEtODZhNi1mNjc3M2EyNGY0YmYifQ.M4Qoily78asKGLJ-wJFcnzj5JHXpCbmexD6wk2LJ-Oc'
2023-08-29 06:43:33,142 **** INFO **** views **** views.py **** Line: 150 **** {'token_type': 'access', 'exp': 1724395397, 'iat': 1693291397, 'jti': 'd47e728884d5480382a12a3ef2807564', 'user_id': 'dd46a23d-a642-4190-ab32-9879581045c4'}'
2023-08-29 06:51:13,639 **** ERROR **** views **** views.py **** Line: 156 **** Error on Payment Successful Token is invalid or expired'
2023-08-29 06:51:36,516 **** ERROR **** views **** views.py **** Line: 156 **** Error on Payment Successful Token is invalid or expired'
2023-08-29 06:53:36,598 **** ERROR **** views **** views.py **** Line: 156 **** Error on Payment Successful Token is invalid or expired'
2023-08-29 06:54:44,674 **** ERROR **** views **** views.py **** Line: 156 **** Error on Payment Successful Token is invalid or expired'
2023-08-29 06:54:56,638 **** ERROR **** views **** views.py **** Line: 156 **** Error on Payment Successful Token is invalid or expired'
2023-09-03 07:41:40,099 **** ERROR **** serializers **** serializers.py **** Line: 24 **** Price is required for the Product'
2023-09-03 07:41:45,823 **** ERROR **** serializers **** serializers.py **** Line: 24 **** Price is required for the Product'
2023-09-03 08:18:12,223 **** ERROR **** serializers **** serializers.py **** Line: 243 **** Can't create Transaction: ['“” is not a valid UUID.'] '
2023-09-03 08:18:12,235 **** ERROR **** serializers **** serializers.py **** Line: 243 **** Can't create Transaction: ['“” is not a valid UUID.'] '
2023-09-03 08:18:56,938 **** ERROR **** serializers **** serializers.py **** Line: 243 **** Can't create Transaction: ['“” is not a valid UUID.'] '
2023-09-03 08:18:56,963 **** ERROR **** serializers **** serializers.py **** Line: 243 **** Can't create Transaction: ['“” is not a valid UUID.'] '
2023-09-03 08:27:49,536 **** ERROR **** serializers **** serializers.py **** Line: 243 **** Can't create Transaction: ['“” is not a valid UUID.'] '
2023-09-03 08:27:49,551 **** ERROR **** serializers **** serializers.py **** Line: 243 **** Can't create Transaction: ['“” is not a valid UUID.'] '
2023-09-03 08:32:31,967 **** ERROR **** serializers **** serializers.py **** Line: 243 **** Can't create Transaction: ['“” is not a valid UUID.'] '
2023-09-03 08:32:31,971 **** ERROR **** serializers **** serializers.py **** Line: 243 **** Can't create Transaction: ['“” is not a valid UUID.'] '
2023-09-03 08:35:44,708 **** ERROR **** serializers **** serializers.py **** Line: 243 **** Can't create Transaction: ['“” is not a valid UUID.'] '
2023-09-03 08:35:44,724 **** ERROR **** serializers **** serializers.py **** Line: 243 **** Can't create Transaction: ['“” is not a valid UUID.'] '
2023-09-03 08:36:11,954 **** ERROR **** serializers **** serializers.py **** Line: 243 **** Can't create Transaction: ['“” is not a valid UUID.'] '
2023-09-03 08:36:11,964 **** ERROR **** serializers **** serializers.py **** Line: 243 **** Can't create Transaction: ['“” is not a valid UUID.'] '
2023-09-03 08:36:59,819 **** ERROR **** serializers **** serializers.py **** Line: 243 **** Can't create Transaction: ['“” is not a valid UUID.'] '
2023-09-03 08:36:59,823 **** ERROR **** serializers **** serializers.py **** Line: 243 **** Can't create Transaction: ['“” is not a valid UUID.'] '
2023-09-03 08:42:51,388 **** ERROR **** serializers **** serializers.py **** Line: 243 **** Can't create Transaction: ['“” is not a valid UUID.'] '
2023-09-03 08:42:51,400 **** ERROR **** serializers **** serializers.py **** Line: 243 **** Can't create Transaction: ['“” is not a valid UUID.'] '
2023-09-03 08:50:53,288 **** ERROR **** serializers **** serializers.py **** Line: 243 **** Can't create Transaction: ['“” is not a valid UUID.'] '
2023-09-03 08:50:53,343 **** ERROR **** serializers **** serializers.py **** Line: 243 **** Can't create Transaction: ['“” is not a valid UUID.'] '
2023-09-03 08:56:25,980 **** ERROR **** serializers **** serializers.py **** Line: 243 **** Can't create Transaction: ['“” is not a valid UUID.'] '
2023-09-03 08:56:25,983 **** ERROR **** serializers **** serializers.py **** Line: 243 **** Can't create Transaction: ['“” is not a valid UUID.'] '
2023-09-03 09:18:50,757 **** ERROR **** serializers **** serializers.py **** Line: 243 **** Can't create Transaction: ['“” is not a valid UUID.'] '
2023-09-03 09:18:50,776 **** ERROR **** serializers **** serializers.py **** Line: 243 **** Can't create Transaction: ['“” is not a valid UUID.'] '
2023-09-03 09:19:45,916 **** ERROR **** serializers **** serializers.py **** Line: 243 **** Can't create Transaction: ['“” is not a valid UUID.'] '
2023-09-03 09:19:45,924 **** ERROR **** serializers **** serializers.py **** Line: 243 **** Can't create Transaction: ['“” is not a valid UUID.'] '
2023-09-03 09:31:30,249 **** ERROR **** serializers **** serializers.py **** Line: 243 **** Can't create Transaction: ['“” is not a valid UUID.'] '
2023-09-03 09:31:30,268 **** ERROR **** serializers **** serializers.py **** Line: 243 **** Can't create Transaction: ['“” is not a valid UUID.'] '
2023-09-03 09:32:45,163 **** ERROR **** serializers **** serializers.py **** Line: 243 **** Can't create Transaction: ['“” is not a valid UUID.'] '
2023-09-03 09:32:45,169 **** ERROR **** serializers **** serializers.py **** Line: 243 **** Can't create Transaction: ['“” is not a valid UUID.'] '
2023-09-03 09:33:05,895 **** ERROR **** serializers **** serializers.py **** Line: 243 **** Can't create Transaction: ['“” is not a valid UUID.'] '
2023-09-03 09:33:05,906 **** ERROR **** serializers **** serializers.py **** Line: 243 **** Can't create Transaction: ['“” is not a valid UUID.'] '
2023-09-03 09:52:44,243 **** ERROR **** serializers **** serializers.py **** Line: 243 **** Can't create Transaction: ['“” is not a valid UUID.'] '
2023-09-03 09:52:44,247 **** ERROR **** serializers **** serializers.py **** Line: 243 **** Can't create Transaction: ['“” is not a valid UUID.'] '
2023-09-03 09:53:40,281 **** ERROR **** serializers **** serializers.py **** Line: 243 **** Can't create Transaction: ['“” is not a valid UUID.'] '
2023-09-03 09:53:40,284 **** ERROR **** serializers **** serializers.py **** Line: 243 **** Can't create Transaction: ['“” is not a valid UUID.'] '
2023-09-03 09:57:50,069 **** ERROR **** serializers **** serializers.py **** Line: 243 **** Can't create Transaction: ['“” is not a valid UUID.'] '
2023-09-03 09:57:50,076 **** ERROR **** serializers **** serializers.py **** Line: 243 **** Can't create Transaction: ['“” is not a valid UUID.'] '
2023-09-03 09:58:15,986 **** ERROR **** serializers **** serializers.py **** Line: 243 **** Can't create Transaction: ['“” is not a valid UUID.'] '
2023-09-03 09:58:15,989 **** ERROR **** serializers **** serializers.py **** Line: 243 **** Can't create Transaction: ['“” is not a valid UUID.'] '
2023-09-03 10:14:59,956 **** ERROR **** serializers **** serializers.py **** Line: 243 **** Can't create Transaction: ['“” is not a valid UUID.'] '
2023-09-03 10:14:59,972 **** ERROR **** serializers **** serializers.py **** Line: 243 **** Can't create Transaction: ['“” is not a valid UUID.'] '
2023-09-03 10:27:31,290 **** ERROR **** serializers **** serializers.py **** Line: 243 **** Can't create Transaction: ['“” is not a valid UUID.'] '
2023-09-03 10:27:31,320 **** ERROR **** serializers **** serializers.py **** Line: 243 **** Can't create Transaction: ['“” is not a valid UUID.'] '
2023-09-03 10:42:59,841 **** ERROR **** serializers **** serializers.py **** Line: 243 **** Can't create Transaction: ['“” is not a valid UUID.'] '
2023-09-03 10:42:59,850 **** ERROR **** serializers **** serializers.py **** Line: 243 **** Can't create Transaction: ['“” is not a valid UUID.'] '
2023-09-03 10:50:30,856 **** ERROR **** serializers **** serializers.py **** Line: 243 **** Can't create Transaction: ['“” is not a valid UUID.'] '
2023-09-03 10:50:30,888 **** ERROR **** serializers **** serializers.py **** Line: 243 **** Can't create Transaction: ['“” is not a valid UUID.'] '
2023-09-03 11:22:12,119 **** ERROR **** serializers **** serializers.py **** Line: 243 **** Can't create Transaction: ['“” is not a valid UUID.'] '
2023-09-03 11:22:12,126 **** ERROR **** serializers **** serializers.py **** Line: 243 **** Can't create Transaction: ['“” is not a valid UUID.'] '
2023-09-03 11:31:20,722 **** ERROR **** serializers **** serializers.py **** Line: 233 **** User is required to Create Link'
2023-09-03 11:31:20,722 **** ERROR **** serializers **** serializers.py **** Line: 243 **** Can't create Transaction: [ErrorDetail(string='User is required to Create Link', code='invalid')] '
2023-09-03 11:34:15,767 **** ERROR **** serializers **** serializers.py **** Line: 243 **** Can't create Transaction: ['“” is not a valid UUID.'] '
2023-09-03 11:34:15,799 **** ERROR **** serializers **** serializers.py **** Line: 243 **** Can't create Transaction: ['“” is not a valid UUID.'] '
2023-09-03 11:34:19,062 **** ERROR **** serializers **** serializers.py **** Line: 233 **** User is required to Create Link'
2023-09-03 11:34:19,062 **** ERROR **** serializers **** serializers.py **** Line: 243 **** Can't create Transaction: [ErrorDetail(string='User is required to Create Link', code='invalid')] '
2023-09-03 11:34:20,705 **** ERROR **** serializers **** serializers.py **** Line: 233 **** User is required to Create Link'
2023-09-03 11:34:20,705 **** ERROR **** serializers **** serializers.py **** Line: 243 **** Can't create Transaction: [ErrorDetail(string='User is required to Create Link', code='invalid')] '
2023-09-03 11:34:32,392 **** ERROR **** serializers **** serializers.py **** Line: 243 **** Can't create Transaction: ['“” is not a valid UUID.'] '
2023-09-03 11:34:32,434 **** ERROR **** serializers **** serializers.py **** Line: 243 **** Can't create Transaction: ['“” is not a valid UUID.'] '
2023-09-03 11:34:41,352 **** ERROR **** serializers **** serializers.py **** Line: 243 **** Can't create Transaction: ['“” is not a valid UUID.'] '
2023-09-03 11:36:39,315 **** ERROR **** serializers **** serializers.py **** Line: 243 **** Can't create Transaction: ['“” is not a valid UUID.'] '
2023-09-03 11:36:39,662 **** ERROR **** serializers **** serializers.py **** Line: 243 **** Can't create Transaction: ['“” is not a valid UUID.'] '
2023-09-03 20:15:13,768 **** ERROR **** serializers **** serializers.py **** Line: 243 **** Can't create Transaction: ['“” is not a valid UUID.'] '
2023-09-03 20:15:13,771 **** ERROR **** serializers **** serializers.py **** Line: 243 **** Can't create Transaction: ['“” is not a valid UUID.'] '
2023-09-03 20:15:30,791 **** ERROR **** serializers **** serializers.py **** Line: 243 **** Can't create Transaction: ['“” is not a valid UUID.'] '
2023-09-03 20:15:30,799 **** ERROR **** serializers **** serializers.py **** Line: 243 **** Can't create Transaction: ['“” is not a valid UUID.'] '
2023-09-03 20:16:28,787 **** ERROR **** serializers **** serializers.py **** Line: 243 **** Can't create Transaction: ['“” is not a valid UUID.'] '
2023-09-03 20:16:28,843 **** ERROR **** serializers **** serializers.py **** Line: 243 **** Can't create Transaction: ['“” is not a valid UUID.'] '
2023-09-03 20:16:28,900 **** ERROR **** serializers **** serializers.py **** Line: 243 **** Can't create Transaction: ['“” is not a valid UUID.'] '
2023-09-03 20:19:17,495 **** ERROR **** serializers **** serializers.py **** Line: 243 **** Can't create Transaction: ['“” is not a valid UUID.'] '
2023-09-03 20:19:17,505 **** ERROR **** serializers **** serializers.py **** Line: 243 **** Can't create Transaction: ['“” is not a valid UUID.'] '
2023-09-03 20:25:44,167 **** ERROR **** serializers **** serializers.py **** Line: 243 **** Can't create Transaction: ['“” is not a valid UUID.'] '
2023-09-03 20:25:44,182 **** ERROR **** serializers **** serializers.py **** Line: 243 **** Can't create Transaction: ['“” is not a valid UUID.'] '
2023-09-03 20:37:30,759 **** ERROR **** serializers **** serializers.py **** Line: 243 **** Can't create Transaction: ['“” is not a valid UUID.'] '
2023-09-03 20:37:30,812 **** ERROR **** serializers **** serializers.py **** Line: 243 **** Can't create Transaction: ['“” is not a valid UUID.'] '
2023-09-03 20:38:36,360 **** ERROR **** serializers **** serializers.py **** Line: 243 **** Can't create Transaction: ['“” is not a valid UUID.'] '
2023-09-03 20:38:36,363 **** ERROR **** serializers **** serializers.py **** Line: 243 **** Can't create Transaction: ['“” is not a valid UUID.'] '
2023-09-03 20:38:49,093 **** ERROR **** serializers **** serializers.py **** Line: 243 **** Can't create Transaction: ['“” is not a valid UUID.'] '
2023-09-03 20:38:49,108 **** ERROR **** serializers **** serializers.py **** Line: 243 **** Can't create Transaction: ['“” is not a valid UUID.'] '
2023-09-03 21:04:48,644 **** ERROR **** serializers **** serializers.py **** Line: 243 **** Can't create Transaction: ['“” is not a valid UUID.'] '
2023-09-03 21:04:48,653 **** ERROR **** serializers **** serializers.py **** Line: 243 **** Can't create Transaction: ['“” is not a valid UUID.'] '
2023-09-03 21:23:10,850 **** ERROR **** serializers **** serializers.py **** Line: 243 **** Can't create Transaction: ['“” is not a valid UUID.'] '
2023-09-03 21:23:10,861 **** ERROR **** serializers **** serializers.py **** Line: 243 **** Can't create Transaction: ['“” is not a valid UUID.'] '
2023-09-03 21:23:27,101 **** ERROR **** serializers **** serializers.py **** Line: 243 **** Can't create Transaction: ['“” is not a valid UUID.'] '
2023-09-03 21:23:27,116 **** ERROR **** serializers **** serializers.py **** Line: 243 **** Can't create Transaction: ['“” is not a valid UUID.'] '
2023-09-03 21:23:37,048 **** ERROR **** serializers **** serializers.py **** Line: 243 **** Can't create Transaction: ['“” is not a valid UUID.'] '
2023-09-03 21:23:37,061 **** ERROR **** serializers **** serializers.py **** Line: 243 **** Can't create Transaction: ['“” is not a valid UUID.'] '
2023-09-03 21:23:44,040 **** ERROR **** serializers **** serializers.py **** Line: 243 **** Can't create Transaction: ['“” is not a valid UUID.'] '
2023-09-03 21:23:44,043 **** ERROR **** serializers **** serializers.py **** Line: 243 **** Can't create Transaction: ['“” is not a valid UUID.'] '
2023-09-03 21:40:22,768 **** ERROR **** serializers **** serializers.py **** Line: 243 **** Can't create Transaction: ['“” is not a valid UUID.'] '
2023-09-03 21:40:22,886 **** ERROR **** serializers **** serializers.py **** Line: 243 **** Can't create Transaction: ['“” is not a valid UUID.'] '
2023-09-03 21:41:02,746 **** ERROR **** serializers **** serializers.py **** Line: 243 **** Can't create Transaction: ['“” is not a valid UUID.'] '
2023-09-03 21:41:02,842 **** ERROR **** serializers **** serializers.py **** Line: 243 **** Can't create Transaction: ['“” is not a valid UUID.'] '
2023-09-03 21:41:41,397 **** ERROR **** serializers **** serializers.py **** Line: 243 **** Can't create Transaction: ['“” is not a valid UUID.'] '
2023-09-03 21:41:41,525 **** ERROR **** serializers **** serializers.py **** Line: 243 **** Can't create Transaction: ['“” is not a valid UUID.'] '
2023-09-03 21:41:50,327 **** ERROR **** serializers **** serializers.py **** Line: 243 **** Can't create Transaction: ['“” is not a valid UUID.'] '
2023-09-03 21:41:50,420 **** ERROR **** serializers **** serializers.py **** Line: 243 **** Can't create Transaction: ['“” is not a valid UUID.'] '
2023-09-03 21:42:12,210 **** ERROR **** serializers **** serializers.py **** Line: 243 **** Can't create Transaction: ['“” is not a valid UUID.'] '
2023-09-03 21:42:12,213 **** ERROR **** serializers **** serializers.py **** Line: 243 **** Can't create Transaction: ['“” is not a valid UUID.'] '
2023-09-03 21:43:02,150 **** ERROR **** serializers **** serializers.py **** Line: 243 **** Can't create Transaction: ['“” is not a valid UUID.'] '
2023-09-03 21:43:02,291 **** ERROR **** serializers **** serializers.py **** Line: 243 **** Can't create Transaction: ['“” is not a valid UUID.'] '
2023-09-03 21:43:27,825 **** ERROR **** serializers **** serializers.py **** Line: 243 **** Can't create Transaction: ['“” is not a valid UUID.'] '
2023-09-03 21:43:27,954 **** ERROR **** serializers **** serializers.py **** Line: 243 **** Can't create Transaction: ['“” is not a valid UUID.'] '
2023-09-03 21:43:47,703 **** ERROR **** serializers **** serializers.py **** Line: 243 **** Can't create Transaction: ['“” is not a valid UUID.'] '
2023-09-03 21:43:47,707 **** ERROR **** serializers **** serializers.py **** Line: 243 **** Can't create Transaction: ['“” is not a valid UUID.'] '
2023-09-03 21:43:56,814 **** ERROR **** serializers **** serializers.py **** Line: 243 **** Can't create Transaction: ['“” is not a valid UUID.'] '
2023-09-03 21:43:56,827 **** ERROR **** serializers **** serializers.py **** Line: 243 **** Can't create Transaction: ['“” is not a valid UUID.'] '
2023-09-03 21:44:04,651 **** ERROR **** serializers **** serializers.py **** Line: 243 **** Can't create Transaction: ['“” is not a valid UUID.'] '
2023-09-03 21:44:04,675 **** ERROR **** serializers **** serializers.py **** Line: 243 **** Can't create Transaction: ['“” is not a valid UUID.'] '
2023-09-03 21:44:27,015 **** ERROR **** serializers **** serializers.py **** Line: 243 **** Can't create Transaction: ['“” is not a valid UUID.'] '
2023-09-03 21:44:27,064 **** ERROR **** serializers **** serializers.py **** Line: 243 **** Can't create Transaction: ['“” is not a valid UUID.'] '
2023-09-03 21:44:34,617 **** ERROR **** serializers **** serializers.py **** Line: 243 **** Can't create Transaction: ['“” is not a valid UUID.'] '
2023-09-03 21:44:34,625 **** ERROR **** serializers **** serializers.py **** Line: 243 **** Can't create Transaction: ['“” is not a valid UUID.'] '
2023-09-03 21:45:43,007 **** ERROR **** serializers **** serializers.py **** Line: 243 **** Can't create Transaction: ['“” is not a valid UUID.'] '
2023-09-03 21:45:43,025 **** ERROR **** serializers **** serializers.py **** Line: 243 **** Can't create Transaction: ['“” is not a valid UUID.'] '
2023-09-03 21:45:52,613 **** ERROR **** serializers **** serializers.py **** Line: 243 **** Can't create Transaction: ['“” is not a valid UUID.'] '
2023-09-03 21:45:52,635 **** ERROR **** serializers **** serializers.py **** Line: 243 **** Can't create Transaction: ['“” is not a valid UUID.'] '
2023-09-03 21:47:11,046 **** ERROR **** serializers **** serializers.py **** Line: 243 **** Can't create Transaction: ['“” is not a valid UUID.'] '
2023-09-03 21:47:11,058 **** ERROR **** serializers **** serializers.py **** Line: 243 **** Can't create Transaction: ['“” is not a valid UUID.'] '
2023-09-03 21:47:37,506 **** ERROR **** serializers **** serializers.py **** Line: 243 **** Can't create Transaction: ['“” is not a valid UUID.'] '
2023-09-03 21:47:37,520 **** ERROR **** serializers **** serializers.py **** Line: 243 **** Can't create Transaction: ['“” is not a valid UUID.'] '
2023-09-03 21:48:15,833 **** ERROR **** serializers **** serializers.py **** Line: 243 **** Can't create Transaction: ['“” is not a valid UUID.'] '
2023-09-03 21:48:15,916 **** ERROR **** serializers **** serializers.py **** Line: 243 **** Can't create Transaction: ['“” is not a valid UUID.'] '
2023-09-03 21:48:18,991 **** ERROR **** serializers **** serializers.py **** Line: 243 **** Can't create Transaction: ['“” is not a valid UUID.'] '
2023-09-03 21:48:19,118 **** ERROR **** serializers **** serializers.py **** Line: 243 **** Can't create Transaction: ['“” is not a valid UUID.'] '
2023-09-03 21:48:21,547 **** ERROR **** serializers **** serializers.py **** Line: 243 **** Can't create Transaction: ['“” is not a valid UUID.'] '
2023-09-03 21:48:21,621 **** ERROR **** serializers **** serializers.py **** Line: 243 **** Can't create Transaction: ['“” is not a valid UUID.'] '
2023-09-03 21:49:07,541 **** ERROR **** serializers **** serializers.py **** Line: 243 **** Can't create Transaction: ['“” is not a valid UUID.'] '
2023-09-03 21:49:07,619 **** ERROR **** serializers **** serializers.py **** Line: 243 **** Can't create Transaction: ['“” is not a valid UUID.'] '
2023-09-03 21:49:15,828 **** ERROR **** serializers **** serializers.py **** Line: 243 **** Can't create Transaction: ['“” is not a valid UUID.'] '
2023-09-03 21:49:15,909 **** ERROR **** serializers **** serializers.py **** Line: 243 **** Can't create Transaction: ['“” is not a valid UUID.'] '
2023-09-03 21:49:20,682 **** ERROR **** serializers **** serializers.py **** Line: 243 **** Can't create Transaction: ['“” is not a valid UUID.'] '
2023-09-03 21:49:20,796 **** ERROR **** serializers **** serializers.py **** Line: 243 **** Can't create Transaction: ['“” is not a valid UUID.'] '
2023-09-03 21:49:52,344 **** ERROR **** serializers **** serializers.py **** Line: 243 **** Can't create Transaction: ['“” is not a valid UUID.'] '
2023-09-03 21:49:52,378 **** ERROR **** serializers **** serializers.py **** Line: 243 **** Can't create Transaction: ['“” is not a valid UUID.'] '
2023-09-03 21:51:15,999 **** ERROR **** serializers **** serializers.py **** Line: 243 **** Can't create Transaction: ['“” is not a valid UUID.'] '
2023-09-03 21:51:16,073 **** ERROR **** serializers **** serializers.py **** Line: 243 **** Can't create Transaction: ['“” is not a valid UUID.'] '
2023-09-03 21:52:14,369 **** ERROR **** serializers **** serializers.py **** Line: 243 **** Can't create Transaction: ['“” is not a valid UUID.'] '
2023-09-03 21:52:14,483 **** ERROR **** serializers **** serializers.py **** Line: 243 **** Can't create Transaction: ['“” is not a valid UUID.'] '
2023-09-03 21:52:41,185 **** ERROR **** serializers **** serializers.py **** Line: 243 **** Can't create Transaction: ['“” is not a valid UUID.'] '
2023-09-03 21:52:41,221 **** ERROR **** serializers **** serializers.py **** Line: 243 **** Can't create Transaction: ['“” is not a valid UUID.'] '
2023-09-03 21:54:51,211 **** ERROR **** serializers **** serializers.py **** Line: 243 **** Can't create Transaction: ['“” is not a valid UUID.'] '
2023-09-03 21:54:51,354 **** ERROR **** serializers **** serializers.py **** Line: 243 **** Can't create Transaction: ['“” is not a valid UUID.'] '
2023-09-03 21:55:19,684 **** ERROR **** serializers **** serializers.py **** Line: 243 **** Can't create Transaction: ['“” is not a valid UUID.'] '
2023-09-03 21:55:19,705 **** ERROR **** serializers **** serializers.py **** Line: 243 **** Can't create Transaction: ['“” is not a valid UUID.'] '
2023-09-03 21:55:43,685 **** ERROR **** serializers **** serializers.py **** Line: 243 **** Can't create Transaction: ['“” is not a valid UUID.'] '
2023-09-03 21:55:43,694 **** ERROR **** serializers **** serializers.py **** Line: 243 **** Can't create Transaction: ['“” is not a valid UUID.'] '
2023-09-03 21:55:52,350 **** ERROR **** serializers **** serializers.py **** Line: 243 **** Can't create Transaction: ['“” is not a valid UUID.'] '
2023-09-03 21:55:52,369 **** ERROR **** serializers **** serializers.py **** Line: 243 **** Can't create Transaction: ['“” is not a valid UUID.'] '
2023-09-03 21:57:52,183 **** ERROR **** serializers **** serializers.py **** Line: 243 **** Can't create Transaction: ['“” is not a valid UUID.'] '
2023-09-03 21:57:52,238 **** ERROR **** serializers **** serializers.py **** Line: 243 **** Can't create Transaction: ['“” is not a valid UUID.'] '
2023-09-03 21:57:56,903 **** ERROR **** serializers **** serializers.py **** Line: 243 **** Can't create Transaction: ['“” is not a valid UUID.'] '
2023-09-03 21:57:56,945 **** ERROR **** serializers **** serializers.py **** Line: 243 **** Can't create Transaction: ['“” is not a valid UUID.'] '
2023-09-03 21:58:47,070 **** ERROR **** serializers **** serializers.py **** Line: 243 **** Can't create Transaction: ['“” is not a valid UUID.'] '
2023-09-03 21:58:47,073 **** ERROR **** serializers **** serializers.py **** Line: 243 **** Can't create Transaction: ['“” is not a valid UUID.'] '
2023-09-03 21:59:02,702 **** ERROR **** serializers **** serializers.py **** Line: 243 **** Can't create Transaction: ['“” is not a valid UUID.'] '
2023-09-03 21:59:02,735 **** ERROR **** serializers **** serializers.py **** Line: 243 **** Can't create Transaction: ['“” is not a valid UUID.'] '
2023-09-03 21:59:50,469 **** ERROR **** serializers **** serializers.py **** Line: 243 **** Can't create Transaction: ['“” is not a valid UUID.'] '
2023-09-03 21:59:50,613 **** ERROR **** serializers **** serializers.py **** Line: 243 **** Can't create Transaction: ['“” is not a valid UUID.'] '
2023-09-03 22:00:05,574 **** ERROR **** serializers **** serializers.py **** Line: 243 **** Can't create Transaction: ['“” is not a valid UUID.'] '
2023-09-03 22:00:05,595 **** ERROR **** serializers **** serializers.py **** Line: 243 **** Can't create Transaction: ['“” is not a valid UUID.'] '
2023-09-03 22:00:18,764 **** ERROR **** serializers **** serializers.py **** Line: 243 **** Can't create Transaction: ['“” is not a valid UUID.'] '
2023-09-03 22:00:18,783 **** ERROR **** serializers **** serializers.py **** Line: 243 **** Can't create Transaction: ['“” is not a valid UUID.'] '
2023-09-03 22:02:46,353 **** ERROR **** serializers **** serializers.py **** Line: 243 **** Can't create Transaction: ['“” is not a valid UUID.'] '
2023-09-03 22:02:46,365 **** ERROR **** serializers **** serializers.py **** Line: 243 **** Can't create Transaction: ['“” is not a valid UUID.'] '
2023-09-03 22:02:58,790 **** ERROR **** serializers **** serializers.py **** Line: 243 **** Can't create Transaction: ['“” is not a valid UUID.'] '
2023-09-03 22:02:58,909 **** ERROR **** serializers **** serializers.py **** Line: 243 **** Can't create Transaction: ['“” is not a valid UUID.'] '
2023-09-03 22:03:00,826 **** ERROR **** serializers **** serializers.py **** Line: 243 **** Can't create Transaction: ['“” is not a valid UUID.'] '
2023-09-03 22:03:00,942 **** ERROR **** serializers **** serializers.py **** Line: 243 **** Can't create Transaction: ['“” is not a valid UUID.'] '
2023-09-03 22:03:11,664 **** ERROR **** serializers **** serializers.py **** Line: 243 **** Can't create Transaction: ['“” is not a valid UUID.'] '
2023-09-03 22:03:11,795 **** ERROR **** serializers **** serializers.py **** Line: 243 **** Can't create Transaction: ['“” is not a valid UUID.'] '
2023-09-03 22:03:33,096 **** ERROR **** serializers **** serializers.py **** Line: 243 **** Can't create Transaction: ['“” is not a valid UUID.'] '
2023-09-03 22:03:33,212 **** ERROR **** serializers **** serializers.py **** Line: 243 **** Can't create Transaction: ['“” is not a valid UUID.'] '
2023-09-03 22:03:54,032 **** ERROR **** serializers **** serializers.py **** Line: 243 **** Can't create Transaction: ['“” is not a valid UUID.'] '
2023-09-03 22:03:54,062 **** ERROR **** serializers **** serializers.py **** Line: 243 **** Can't create Transaction: ['“” is not a valid UUID.'] '
2023-09-03 22:04:02,167 **** ERROR **** serializers **** serializers.py **** Line: 243 **** Can't create Transaction: ['“” is not a valid UUID.'] '
2023-09-03 22:04:02,184 **** ERROR **** serializers **** serializers.py **** Line: 243 **** Can't create Transaction: ['“” is not a valid UUID.'] '
2023-09-03 22:04:04,467 **** ERROR **** serializers **** serializers.py **** Line: 243 **** Can't create Transaction: ['“” is not a valid UUID.'] '
2023-09-03 22:04:04,498 **** ERROR **** serializers **** serializers.py **** Line: 243 **** Can't create Transaction: ['“” is not a valid UUID.'] '
2023-09-03 22:04:06,177 **** ERROR **** serializers **** serializers.py **** Line: 243 **** Can't create Transaction: ['“” is not a valid UUID.'] '
2023-09-03 22:04:06,206 **** ERROR **** serializers **** serializers.py **** Line: 243 **** Can't create Transaction: ['“” is not a valid UUID.'] '
2023-09-03 22:06:29,110 **** ERROR **** serializers **** serializers.py **** Line: 243 **** Can't create Transaction: ['“” is not a valid UUID.'] '
2023-09-03 22:06:29,143 **** ERROR **** serializers **** serializers.py **** Line: 243 **** Can't create Transaction: ['“” is not a valid UUID.'] '
2023-09-03 22:06:31,102 **** ERROR **** serializers **** serializers.py **** Line: 243 **** Can't create Transaction: ['“” is not a valid UUID.'] '
2023-09-03 22:06:31,114 **** ERROR **** serializers **** serializers.py **** Line: 243 **** Can't create Transaction: ['“” is not a valid UUID.'] '
2023-09-03 22:06:35,430 **** ERROR **** serializers **** serializers.py **** Line: 243 **** Can't create Transaction: ['“” is not a valid UUID.'] '
2023-09-03 22:06:35,466 **** ERROR **** serializers **** serializers.py **** Line: 243 **** Can't create Transaction: ['“” is not a valid UUID.'] '
2023-09-03 22:13:29,604 **** ERROR **** serializers **** serializers.py **** Line: 243 **** Can't create Transaction: ['“” is not a valid UUID.'] '
2023-09-03 22:13:29,609 **** ERROR **** serializers **** serializers.py **** Line: 243 **** Can't create Transaction: ['“” is not a valid UUID.'] '
2023-09-03 22:14:48,765 **** ERROR **** serializers **** serializers.py **** Line: 243 **** Can't create Transaction: ['“” is not a valid UUID.'] '
2023-09-03 22:14:48,768 **** ERROR **** serializers **** serializers.py **** Line: 243 **** Can't create Transaction: ['“” is not a valid UUID.'] '
2023-09-03 22:18:15,112 **** ERROR **** serializers **** serializers.py **** Line: 243 **** Can't create Transaction: ['“” is not a valid UUID.'] '
2023-09-03 22:18:15,182 **** ERROR **** serializers **** serializers.py **** Line: 243 **** Can't create Transaction: ['“” is not a valid UUID.'] '
2023-09-03 22:18:28,025 **** ERROR **** serializers **** serializers.py **** Line: 243 **** Can't create Transaction: ['“” is not a valid UUID.'] '
2023-09-03 22:18:28,028 **** ERROR **** serializers **** serializers.py **** Line: 243 **** Can't create Transaction: ['“” is not a valid UUID.'] '
2023-09-03 22:18:38,926 **** ERROR **** serializers **** serializers.py **** Line: 243 **** Can't create Transaction: ['“” is not a valid UUID.'] '
2023-09-03 22:18:38,958 **** ERROR **** serializers **** serializers.py **** Line: 243 **** Can't create Transaction: ['“” is not a valid UUID.'] '
2023-09-03 22:19:27,348 **** ERROR **** serializers **** serializers.py **** Line: 243 **** Can't create Transaction: ['“” is not a valid UUID.'] '
2023-09-03 22:19:27,390 **** ERROR **** serializers **** serializers.py **** Line: 243 **** Can't create Transaction: ['“” is not a valid UUID.'] '
2023-09-03 22:19:34,615 **** ERROR **** serializers **** serializers.py **** Line: 243 **** Can't create Transaction: ['“” is not a valid UUID.'] '
2023-09-03 22:19:34,657 **** ERROR **** serializers **** serializers.py **** Line: 243 **** Can't create Transaction: ['“” is not a valid UUID.'] '
2023-09-03 22:21:29,509 **** ERROR **** serializers **** serializers.py **** Line: 243 **** Can't create Transaction: ['“” is not a valid UUID.'] '
2023-09-03 22:21:29,536 **** ERROR **** serializers **** serializers.py **** Line: 243 **** Can't create Transaction: ['“” is not a valid UUID.'] '
2023-09-03 22:21:32,064 **** ERROR **** serializers **** serializers.py **** Line: 243 **** Can't create Transaction: ['“” is not a valid UUID.'] '
2023-09-03 22:21:32,092 **** ERROR **** serializers **** serializers.py **** Line: 243 **** Can't create Transaction: ['“” is not a valid UUID.'] '
2023-09-03 22:22:48,504 **** ERROR **** serializers **** serializers.py **** Line: 243 **** Can't create Transaction: ['“” is not a valid UUID.'] '
2023-09-03 22:22:48,527 **** ERROR **** serializers **** serializers.py **** Line: 243 **** Can't create Transaction: ['“” is not a valid UUID.'] '
2023-09-03 22:24:38,423 **** ERROR **** serializers **** serializers.py **** Line: 243 **** Can't create Transaction: ['“” is not a valid UUID.'] '
2023-09-03 22:24:38,426 **** ERROR **** serializers **** serializers.py **** Line: 243 **** Can't create Transaction: ['“” is not a valid UUID.'] '
2023-09-03 22:24:56,527 **** ERROR **** serializers **** serializers.py **** Line: 243 **** Can't create Transaction: ['“” is not a valid UUID.'] '
2023-09-03 22:24:56,530 **** ERROR **** serializers **** serializers.py **** Line: 243 **** Can't create Transaction: ['“” is not a valid UUID.'] '
2023-09-03 22:24:57,673 **** ERROR **** serializers **** serializers.py **** Line: 243 **** Can't create Transaction: ['“” is not a valid UUID.'] '
2023-09-03 22:24:57,682 **** ERROR **** serializers **** serializers.py **** Line: 243 **** Can't create Transaction: ['“” is not a valid UUID.'] '
2023-09-03 22:25:15,218 **** ERROR **** serializers **** serializers.py **** Line: 243 **** Can't create Transaction: ['“” is not a valid UUID.'] '
2023-09-03 22:25:15,228 **** ERROR **** serializers **** serializers.py **** Line: 243 **** Can't create Transaction: ['“” is not a valid UUID.'] '
2023-09-03 22:25:32,639 **** ERROR **** serializers **** serializers.py **** Line: 243 **** Can't create Transaction: ['“” is not a valid UUID.'] '
2023-09-03 22:25:32,650 **** ERROR **** serializers **** serializers.py **** Line: 243 **** Can't create Transaction: ['“” is not a valid UUID.'] '
2023-09-03 22:25:44,069 **** ERROR **** serializers **** serializers.py **** Line: 243 **** Can't create Transaction: ['“” is not a valid UUID.'] '
2023-09-03 22:25:44,100 **** ERROR **** serializers **** serializers.py **** Line: 243 **** Can't create Transaction: ['“” is not a valid UUID.'] '
2023-09-03 22:25:55,015 **** ERROR **** serializers **** serializers.py **** Line: 243 **** Can't create Transaction: ['“” is not a valid UUID.'] '
2023-09-03 22:25:55,017 **** ERROR **** serializers **** serializers.py **** Line: 243 **** Can't create Transaction: ['“” is not a valid UUID.'] '
2023-09-03 22:26:25,361 **** ERROR **** serializers **** serializers.py **** Line: 243 **** Can't create Transaction: ['“” is not a valid UUID.'] '
2023-09-03 22:26:25,364 **** ERROR **** serializers **** serializers.py **** Line: 243 **** Can't create Transaction: ['“” is not a valid UUID.'] '
2023-09-03 22:27:17,776 **** ERROR **** serializers **** serializers.py **** Line: 243 **** Can't create Transaction: ['“” is not a valid UUID.'] '
2023-09-03 22:27:17,784 **** ERROR **** serializers **** serializers.py **** Line: 243 **** Can't create Transaction: ['“” is not a valid UUID.'] '
2023-09-03 22:27:29,662 **** ERROR **** serializers **** serializers.py **** Line: 243 **** Can't create Transaction: ['“” is not a valid UUID.'] '
2023-09-03 22:27:29,667 **** ERROR **** serializers **** serializers.py **** Line: 243 **** Can't create Transaction: ['“” is not a valid UUID.'] '
2023-09-03 22:29:23,260 **** ERROR **** serializers **** serializers.py **** Line: 243 **** Can't create Transaction: ['“” is not a valid UUID.'] '
2023-09-03 22:29:23,318 **** ERROR **** serializers **** serializers.py **** Line: 243 **** Can't create Transaction: ['“” is not a valid UUID.'] '
2023-09-03 22:29:30,245 **** ERROR **** serializers **** serializers.py **** Line: 243 **** Can't create Transaction: ['“” is not a valid UUID.'] '
2023-09-03 22:29:30,249 **** ERROR **** serializers **** serializers.py **** Line: 243 **** Can't create Transaction: ['“” is not a valid UUID.'] '
2023-09-03 22:29:31,546 **** ERROR **** serializers **** serializers.py **** Line: 243 **** Can't create Transaction: ['“” is not a valid UUID.'] '
2023-09-03 22:29:31,553 **** ERROR **** serializers **** serializers.py **** Line: 243 **** Can't create Transaction: ['“” is not a valid UUID.'] '
2023-09-03 22:29:32,808 **** ERROR **** serializers **** serializers.py **** Line: 243 **** Can't create Transaction: ['“” is not a valid UUID.'] '
2023-09-03 22:29:32,826 **** ERROR **** serializers **** serializers.py **** Line: 243 **** Can't create Transaction: ['“” is not a valid UUID.'] '
2023-09-03 22:30:30,740 **** ERROR **** serializers **** serializers.py **** Line: 243 **** Can't create Transaction: ['“” is not a valid UUID.'] '
2023-09-03 22:30:30,753 **** ERROR **** serializers **** serializers.py **** Line: 243 **** Can't create Transaction: ['“” is not a valid UUID.'] '
2023-09-03 22:36:10,390 **** ERROR **** serializers **** serializers.py **** Line: 243 **** Can't create Transaction: ['“” is not a valid UUID.'] '
2023-09-03 22:36:10,365 **** ERROR **** serializers **** serializers.py **** Line: 243 **** Can't create Transaction: ['“” is not a valid UUID.'] '
2023-09-03 22:36:47,063 **** ERROR **** serializers **** serializers.py **** Line: 243 **** Can't create Transaction: ['“” is not a valid UUID.'] '
2023-09-03 22:36:47,069 **** ERROR **** serializers **** serializers.py **** Line: 243 **** Can't create Transaction: ['“” is not a valid UUID.'] '
2023-09-03 22:37:16,309 **** ERROR **** serializers **** serializers.py **** Line: 243 **** Can't create Transaction: ['“” is not a valid UUID.'] '
2023-09-03 22:37:16,323 **** ERROR **** serializers **** serializers.py **** Line: 243 **** Can't create Transaction: ['“” is not a valid UUID.'] '
2023-09-03 22:37:34,276 **** ERROR **** serializers **** serializers.py **** Line: 243 **** Can't create Transaction: ['“” is not a valid UUID.'] '
2023-09-03 22:37:34,307 **** ERROR **** serializers **** serializers.py **** Line: 243 **** Can't create Transaction: ['“” is not a valid UUID.'] '
2023-09-03 22:37:39,855 **** ERROR **** serializers **** serializers.py **** Line: 243 **** Can't create Transaction: ['“” is not a valid UUID.'] '
2023-09-03 22:37:39,880 **** ERROR **** serializers **** serializers.py **** Line: 243 **** Can't create Transaction: ['“” is not a valid UUID.'] '
2023-09-03 22:37:48,165 **** ERROR **** serializers **** serializers.py **** Line: 243 **** Can't create Transaction: ['“” is not a valid UUID.'] '
2023-09-03 22:37:48,196 **** ERROR **** serializers **** serializers.py **** Line: 243 **** Can't create Transaction: ['“” is not a valid UUID.'] '
2023-09-03 22:38:02,893 **** ERROR **** serializers **** serializers.py **** Line: 243 **** Can't create Transaction: ['“” is not a valid UUID.'] '
2023-09-03 22:38:02,915 **** ERROR **** serializers **** serializers.py **** Line: 243 **** Can't create Transaction: ['“” is not a valid UUID.'] '
2023-09-03 22:38:03,801 **** ERROR **** serializers **** serializers.py **** Line: 243 **** Can't create Transaction: ['“” is not a valid UUID.'] '
2023-09-03 22:38:03,834 **** ERROR **** serializers **** serializers.py **** Line: 243 **** Can't create Transaction: ['“” is not a valid UUID.'] '
2023-09-03 22:38:04,366 **** ERROR **** serializers **** serializers.py **** Line: 243 **** Can't create Transaction: ['“” is not a valid UUID.'] '
2023-09-03 22:38:04,386 **** ERROR **** serializers **** serializers.py **** Line: 243 **** Can't create Transaction: ['“” is not a valid UUID.'] '
2023-09-03 22:38:10,702 **** ERROR **** serializers **** serializers.py **** Line: 243 **** Can't create Transaction: ['“” is not a valid UUID.'] '
2023-09-03 22:38:10,818 **** ERROR **** serializers **** serializers.py **** Line: 243 **** Can't create Transaction: ['“” is not a valid UUID.'] '
2023-09-04 13:45:30,706 **** ERROR **** serializers **** serializers.py **** Line: 243 **** Can't create Transaction: ['“” is not a valid UUID.'] '
2023-09-04 13:45:30,716 **** ERROR **** serializers **** serializers.py **** Line: 243 **** Can't create Transaction: ['“” is not a valid UUID.'] '
2023-09-04 13:47:37,960 **** ERROR **** serializers **** serializers.py **** Line: 243 **** Can't create Transaction: ['“” is not a valid UUID.'] '
2023-09-04 13:47:37,965 **** ERROR **** serializers **** serializers.py **** Line: 243 **** Can't create Transaction: ['“” is not a valid UUID.'] '
2023-09-04 13:47:54,676 **** ERROR **** serializers **** serializers.py **** Line: 243 **** Can't create Transaction: ['“” is not a valid UUID.'] '
2023-09-04 13:47:54,685 **** ERROR **** serializers **** serializers.py **** Line: 243 **** Can't create Transaction: ['“” is not a valid UUID.'] '
2023-09-04 13:49:44,509 **** ERROR **** serializers **** serializers.py **** Line: 243 **** Can't create Transaction: ['“” is not a valid UUID.'] '
2023-09-04 13:49:44,513 **** ERROR **** serializers **** serializers.py **** Line: 243 **** Can't create Transaction: ['“” is not a valid UUID.'] '
2023-09-04 13:50:22,591 **** ERROR **** serializers **** serializers.py **** Line: 243 **** Can't create Transaction: ['“” is not a valid UUID.'] '
2023-09-04 13:50:22,594 **** ERROR **** serializers **** serializers.py **** Line: 243 **** Can't create Transaction: ['“” is not a valid UUID.'] '
2023-09-04 13:50:28,683 **** ERROR **** serializers **** serializers.py **** Line: 243 **** Can't create Transaction: ['“” is not a valid UUID.'] '
2023-09-04 13:50:28,689 **** ERROR **** serializers **** serializers.py **** Line: 243 **** Can't create Transaction: ['“” is not a valid UUID.'] '
2023-09-04 13:56:40,543 **** ERROR **** serializers **** serializers.py **** Line: 243 **** Can't create Transaction: ['“” is not a valid UUID.'] '
2023-09-04 13:56:40,593 **** ERROR **** serializers **** serializers.py **** Line: 243 **** Can't create Transaction: ['“” is not a valid UUID.'] '
2023-09-04 13:57:07,080 **** ERROR **** serializers **** serializers.py **** Line: 243 **** Can't create Transaction: ['“” is not a valid UUID.'] '
2023-09-04 13:57:07,093 **** ERROR **** serializers **** serializers.py **** Line: 243 **** Can't create Transaction: ['“” is not a valid UUID.'] '
2023-09-04 13:57:12,090 **** ERROR **** serializers **** serializers.py **** Line: 243 **** Can't create Transaction: ['“” is not a valid UUID.'] '
2023-09-04 13:57:12,118 **** ERROR **** serializers **** serializers.py **** Line: 243 **** Can't create Transaction: ['“” is not a valid UUID.'] '
2023-09-04 13:57:35,963 **** ERROR **** serializers **** serializers.py **** Line: 243 **** Can't create Transaction: ['“” is not a valid UUID.'] '
2023-09-04 13:57:35,986 **** ERROR **** serializers **** serializers.py **** Line: 243 **** Can't create Transaction: ['“” is not a valid UUID.'] '
2023-09-04 13:59:30,737 **** ERROR **** serializers **** serializers.py **** Line: 243 **** Can't create Transaction: ['“” is not a valid UUID.'] '
2023-09-04 13:59:30,739 **** ERROR **** serializers **** serializers.py **** Line: 243 **** Can't create Transaction: ['“” is not a valid UUID.'] '
2023-09-04 13:59:33,635 **** ERROR **** serializers **** serializers.py **** Line: 243 **** Can't create Transaction: ['“” is not a valid UUID.'] '
2023-09-04 13:59:33,662 **** ERROR **** serializers **** serializers.py **** Line: 243 **** Can't create Transaction: ['“” is not a valid UUID.'] '
2023-09-04 14:21:43,052 **** ERROR **** serializers **** serializers.py **** Line: 85 **** Can't create Message: Message() got unexpected keyword arguments: 'tokens' '
2023-09-04 14:34:49,018 **** ERROR **** serializers **** serializers.py **** Line: 243 **** Can't create Transaction: ['“” is not a valid UUID.'] '
2023-09-04 14:34:49,030 **** ERROR **** serializers **** serializers.py **** Line: 243 **** Can't create Transaction: ['“” is not a valid UUID.'] '
2023-09-04 14:35:00,875 **** ERROR **** serializers **** serializers.py **** Line: 243 **** Can't create Transaction: ['“” is not a valid UUID.'] '
2023-09-04 14:35:00,878 **** ERROR **** serializers **** serializers.py **** Line: 243 **** Can't create Transaction: ['“” is not a valid UUID.'] '
2023-09-04 14:35:14,338 **** ERROR **** serializers **** serializers.py **** Line: 243 **** Can't create Transaction: ['“” is not a valid UUID.'] '
2023-09-04 14:35:14,363 **** ERROR **** serializers **** serializers.py **** Line: 243 **** Can't create Transaction: ['“” is not a valid UUID.'] '
2023-09-04 14:35:36,380 **** ERROR **** serializers **** serializers.py **** Line: 243 **** Can't create Transaction: ['“” is not a valid UUID.'] '
2023-09-04 14:35:36,384 **** ERROR **** serializers **** serializers.py **** Line: 243 **** Can't create Transaction: ['“” is not a valid UUID.'] '
2023-09-04 14:36:31,327 **** ERROR **** serializers **** serializers.py **** Line: 243 **** Can't create Transaction: ['“” is not a valid UUID.'] '
2023-09-04 14:36:31,333 **** ERROR **** serializers **** serializers.py **** Line: 243 **** Can't create Transaction: ['“” is not a valid UUID.'] '
2023-09-04 14:59:05,305 **** ERROR **** serializers **** serializers.py **** Line: 243 **** Can't create Transaction: ['“” is not a valid UUID.'] '
2023-09-04 14:59:05,314 **** ERROR **** serializers **** serializers.py **** Line: 243 **** Can't create Transaction: ['“” is not a valid UUID.'] '
2023-09-04 15:01:13,363 **** ERROR **** serializers **** serializers.py **** Line: 243 **** Can't create Transaction: ['“” is not a valid UUID.'] '
2023-09-04 15:01:13,375 **** ERROR **** serializers **** serializers.py **** Line: 243 **** Can't create Transaction: ['“” is not a valid UUID.'] '
2023-09-04 15:10:21,150 **** ERROR **** serializers **** serializers.py **** Line: 255 **** Can't create Transaction: ['“” is not a valid UUID.'] '
2023-09-04 15:10:21,151 **** ERROR **** serializers **** serializers.py **** Line: 255 **** Can't create Transaction: ['“” is not a valid UUID.'] '
2023-09-04 15:12:49,724 **** ERROR **** serializers **** serializers.py **** Line: 255 **** Can't create Transaction: ['“” is not a valid UUID.'] '
2023-09-04 15:12:49,737 **** ERROR **** serializers **** serializers.py **** Line: 255 **** Can't create Transaction: ['“” is not a valid UUID.'] '
2023-09-04 15:13:02,078 **** ERROR **** serializers **** serializers.py **** Line: 255 **** Can't create Transaction: ['“” is not a valid UUID.'] '
2023-09-04 15:13:02,134 **** ERROR **** serializers **** serializers.py **** Line: 255 **** Can't create Transaction: ['“” is not a valid UUID.'] '
2023-09-04 15:29:31,777 **** ERROR **** serializers **** serializers.py **** Line: 255 **** Can't create Transaction: ['“” is not a valid UUID.'] '
2023-09-04 15:29:31,803 **** ERROR **** serializers **** serializers.py **** Line: 255 **** Can't create Transaction: ['“” is not a valid UUID.'] '
2023-09-04 15:36:44,837 **** ERROR **** serializers **** serializers.py **** Line: 255 **** Can't create Transaction: ['“” is not a valid UUID.'] '
2023-09-04 15:36:44,880 **** ERROR **** serializers **** serializers.py **** Line: 255 **** Can't create Transaction: ['“” is not a valid UUID.'] '
2023-09-04 15:39:12,539 **** ERROR **** serializers **** serializers.py **** Line: 255 **** Can't create Transaction: ['“” is not a valid UUID.'] '
2023-09-04 15:39:12,561 **** ERROR **** serializers **** serializers.py **** Line: 255 **** Can't create Transaction: ['“” is not a valid UUID.'] '
2023-09-04 15:39:41,400 **** ERROR **** serializers **** serializers.py **** Line: 255 **** Can't create Transaction: ['“” is not a valid UUID.'] '
2023-09-04 15:39:41,411 **** ERROR **** serializers **** serializers.py **** Line: 255 **** Can't create Transaction: ['“” is not a valid UUID.'] '
2023-09-04 15:41:36,750 **** ERROR **** serializers **** serializers.py **** Line: 255 **** Can't create Transaction: ['“” is not a valid UUID.'] '
2023-09-04 15:41:36,780 **** ERROR **** serializers **** serializers.py **** Line: 255 **** Can't create Transaction: ['“” is not a valid UUID.'] '
2023-09-04 15:41:44,383 **** ERROR **** serializers **** serializers.py **** Line: 255 **** Can't create Transaction: ['“” is not a valid UUID.'] '
2023-09-04 15:41:44,403 **** ERROR **** serializers **** serializers.py **** Line: 255 **** Can't create Transaction: ['“” is not a valid UUID.'] '
2023-09-04 15:43:21,286 **** ERROR **** serializers **** serializers.py **** Line: 255 **** Can't create Transaction: ['“” is not a valid UUID.'] '
2023-09-04 15:43:21,328 **** ERROR **** serializers **** serializers.py **** Line: 255 **** Can't create Transaction: ['“” is not a valid UUID.'] '
2023-09-04 15:45:48,255 **** ERROR **** serializers **** serializers.py **** Line: 255 **** Can't create Transaction: ['“” is not a valid UUID.'] '
2023-09-04 15:45:48,327 **** ERROR **** serializers **** serializers.py **** Line: 255 **** Can't create Transaction: ['“” is not a valid UUID.'] '
2023-09-04 15:46:07,156 **** ERROR **** serializers **** serializers.py **** Line: 255 **** Can't create Transaction: ['“” is not a valid UUID.'] '
2023-09-04 15:46:07,264 **** ERROR **** serializers **** serializers.py **** Line: 255 **** Can't create Transaction: ['“” is not a valid UUID.'] '
2023-09-04 15:50:47,906 **** ERROR **** serializers **** serializers.py **** Line: 255 **** Can't create Transaction: ['“” is not a valid UUID.'] '
2023-09-04 15:50:47,959 **** ERROR **** serializers **** serializers.py **** Line: 255 **** Can't create Transaction: ['“” is not a valid UUID.'] '
2023-09-04 15:51:14,383 **** ERROR **** serializers **** serializers.py **** Line: 255 **** Can't create Transaction: ['“” is not a valid UUID.'] '
2023-09-04 15:51:14,410 **** ERROR **** serializers **** serializers.py **** Line: 255 **** Can't create Transaction: ['“” is not a valid UUID.'] '
2023-09-04 15:53:55,289 **** ERROR **** serializers **** serializers.py **** Line: 255 **** Can't create Transaction: ['“” is not a valid UUID.'] '
2023-09-04 15:53:55,322 **** ERROR **** serializers **** serializers.py **** Line: 255 **** Can't create Transaction: ['“” is not a valid UUID.'] '
2023-09-04 15:54:03,269 **** ERROR **** serializers **** serializers.py **** Line: 255 **** Can't create Transaction: ['“” is not a valid UUID.'] '
2023-09-04 15:54:03,319 **** ERROR **** serializers **** serializers.py **** Line: 255 **** Can't create Transaction: ['“” is not a valid UUID.'] '
2023-09-04 15:54:12,279 **** ERROR **** serializers **** serializers.py **** Line: 255 **** Can't create Transaction: ['“” is not a valid UUID.'] '
2023-09-04 15:54:12,330 **** ERROR **** serializers **** serializers.py **** Line: 255 **** Can't create Transaction: ['“” is not a valid UUID.'] '
2023-09-04 15:54:18,271 **** ERROR **** serializers **** serializers.py **** Line: 255 **** Can't create Transaction: ['“” is not a valid UUID.'] '
2023-09-04 15:54:18,306 **** ERROR **** serializers **** serializers.py **** Line: 255 **** Can't create Transaction: ['“” is not a valid UUID.'] '
2023-09-04 15:54:39,280 **** ERROR **** serializers **** serializers.py **** Line: 255 **** Can't create Transaction: ['“” is not a valid UUID.'] '
2023-09-04 15:54:39,345 **** ERROR **** serializers **** serializers.py **** Line: 255 **** Can't create Transaction: ['“” is not a valid UUID.'] '
2023-09-04 15:55:35,273 **** ERROR **** serializers **** serializers.py **** Line: 255 **** Can't create Transaction: ['“” is not a valid UUID.'] '
2023-09-04 15:55:35,311 **** ERROR **** serializers **** serializers.py **** Line: 255 **** Can't create Transaction: ['“” is not a valid UUID.'] '
2023-09-04 15:55:44,712 **** ERROR **** serializers **** serializers.py **** Line: 255 **** Can't create Transaction: ['“” is not a valid UUID.'] '
2023-09-04 15:55:44,727 **** ERROR **** serializers **** serializers.py **** Line: 255 **** Can't create Transaction: ['“” is not a valid UUID.'] '
2023-09-04 15:57:02,280 **** ERROR **** serializers **** serializers.py **** Line: 255 **** Can't create Transaction: ['“” is not a valid UUID.'] '
2023-09-04 15:57:02,388 **** ERROR **** serializers **** serializers.py **** Line: 255 **** Can't create Transaction: ['“” is not a valid UUID.'] '
2023-09-04 15:57:03,271 **** ERROR **** serializers **** serializers.py **** Line: 255 **** Can't create Transaction: ['“” is not a valid UUID.'] '
2023-09-04 15:57:03,329 **** ERROR **** serializers **** serializers.py **** Line: 255 **** Can't create Transaction: ['“” is not a valid UUID.'] '
2023-09-04 15:57:57,276 **** ERROR **** serializers **** serializers.py **** Line: 255 **** Can't create Transaction: ['“” is not a valid UUID.'] '
2023-09-04 15:57:57,308 **** ERROR **** serializers **** serializers.py **** Line: 255 **** Can't create Transaction: ['“” is not a valid UUID.'] '
2023-09-04 15:58:14,312 **** ERROR **** serializers **** serializers.py **** Line: 255 **** Can't create Transaction: ['“” is not a valid UUID.'] '
2023-09-04 15:58:14,369 **** ERROR **** serializers **** serializers.py **** Line: 255 **** Can't create Transaction: ['“” is not a valid UUID.'] '
2023-09-04 15:59:42,294 **** ERROR **** serializers **** serializers.py **** Line: 255 **** Can't create Transaction: ['“” is not a valid UUID.'] '
2023-09-04 15:59:42,344 **** ERROR **** serializers **** serializers.py **** Line: 255 **** Can't create Transaction: ['“” is not a valid UUID.'] '
2023-09-04 15:59:53,288 **** ERROR **** serializers **** serializers.py **** Line: 255 **** Can't create Transaction: ['“” is not a valid UUID.'] '
2023-09-04 15:59:53,332 **** ERROR **** serializers **** serializers.py **** Line: 255 **** Can't create Transaction: ['“” is not a valid UUID.'] '
2023-09-04 16:00:13,284 **** ERROR **** serializers **** serializers.py **** Line: 255 **** Can't create Transaction: ['“” is not a valid UUID.'] '
2023-09-04 16:00:13,324 **** ERROR **** serializers **** serializers.py **** Line: 255 **** Can't create Transaction: ['“” is not a valid UUID.'] '
2023-09-04 16:00:25,277 **** ERROR **** serializers **** serializers.py **** Line: 255 **** Can't create Transaction: ['“” is not a valid UUID.'] '
2023-09-04 16:00:25,312 **** ERROR **** serializers **** serializers.py **** Line: 255 **** Can't create Transaction: ['“” is not a valid UUID.'] '
2023-09-04 16:00:28,298 **** ERROR **** serializers **** serializers.py **** Line: 255 **** Can't create Transaction: ['“” is not a valid UUID.'] '
2023-09-04 16:00:28,329 **** ERROR **** serializers **** serializers.py **** Line: 255 **** Can't create Transaction: ['“” is not a valid UUID.'] '
2023-09-04 16:00:37,271 **** ERROR **** serializers **** serializers.py **** Line: 255 **** Can't create Transaction: ['“” is not a valid UUID.'] '
2023-09-04 16:00:37,315 **** ERROR **** serializers **** serializers.py **** Line: 255 **** Can't create Transaction: ['“” is not a valid UUID.'] '
2023-09-04 16:00:47,388 **** ERROR **** serializers **** serializers.py **** Line: 255 **** Can't create Transaction: ['“” is not a valid UUID.'] '
2023-09-04 16:00:47,504 **** ERROR **** serializers **** serializers.py **** Line: 255 **** Can't create Transaction: ['“” is not a valid UUID.'] '
2023-09-04 16:00:55,295 **** ERROR **** serializers **** serializers.py **** Line: 255 **** Can't create Transaction: ['“” is not a valid UUID.'] '
2023-09-04 16:00:55,341 **** ERROR **** serializers **** serializers.py **** Line: 255 **** Can't create Transaction: ['“” is not a valid UUID.'] '
2023-09-04 16:01:01,482 **** ERROR **** serializers **** serializers.py **** Line: 255 **** Can't create Transaction: ['“” is not a valid UUID.'] '
2023-09-04 16:01:01,539 **** ERROR **** serializers **** serializers.py **** Line: 255 **** Can't create Transaction: ['“” is not a valid UUID.'] '
2023-09-04 16:01:59,278 **** ERROR **** serializers **** serializers.py **** Line: 255 **** Can't create Transaction: ['“” is not a valid UUID.'] '
2023-09-04 16:01:59,323 **** ERROR **** serializers **** serializers.py **** Line: 255 **** Can't create Transaction: ['“” is not a valid UUID.'] '
2023-09-04 16:02:06,271 **** ERROR **** serializers **** serializers.py **** Line: 255 **** Can't create Transaction: ['“” is not a valid UUID.'] '
2023-09-04 16:02:06,300 **** ERROR **** serializers **** serializers.py **** Line: 255 **** Can't create Transaction: ['“” is not a valid UUID.'] '
2023-09-04 16:02:16,270 **** ERROR **** serializers **** serializers.py **** Line: 255 **** Can't create Transaction: ['“” is not a valid UUID.'] '
2023-09-04 16:02:16,313 **** ERROR **** serializers **** serializers.py **** Line: 255 **** Can't create Transaction: ['“” is not a valid UUID.'] '
2023-09-04 16:02:40,280 **** ERROR **** serializers **** serializers.py **** Line: 255 **** Can't create Transaction: ['“” is not a valid UUID.'] '
2023-09-04 16:02:40,339 **** ERROR **** serializers **** serializers.py **** Line: 255 **** Can't create Transaction: ['“” is not a valid UUID.'] '
2023-09-04 16:02:57,271 **** ERROR **** serializers **** serializers.py **** Line: 255 **** Can't create Transaction: ['“” is not a valid UUID.'] '
2023-09-04 16:02:57,297 **** ERROR **** serializers **** serializers.py **** Line: 255 **** Can't create Transaction: ['“” is not a valid UUID.'] '
2023-09-04 16:03:04,921 **** ERROR **** serializers **** serializers.py **** Line: 245 **** User is required to Create Link'
2023-09-04 16:03:04,921 **** ERROR **** serializers **** serializers.py **** Line: 255 **** Can't create Transaction: [ErrorDetail(string='User is required to Create Link', code='invalid')] '
2023-09-04 16:03:55,149 **** ERROR **** serializers **** serializers.py **** Line: 245 **** User is required to Create Link'
2023-09-04 16:03:55,150 **** ERROR **** serializers **** serializers.py **** Line: 255 **** Can't create Transaction: [ErrorDetail(string='User is required to Create Link', code='invalid')] '
2023-09-04 16:03:55,211 **** ERROR **** serializers **** serializers.py **** Line: 245 **** User is required to Create Link'
2023-09-04 16:03:55,223 **** ERROR **** serializers **** serializers.py **** Line: 255 **** Can't create Transaction: [ErrorDetail(string='User is required to Create Link', code='invalid')] '
2023-09-04 16:03:55,294 **** ERROR **** serializers **** serializers.py **** Line: 245 **** User is required to Create Link'
2023-09-04 16:03:55,294 **** ERROR **** serializers **** serializers.py **** Line: 255 **** Can't create Transaction: [ErrorDetail(string='User is required to Create Link', code='invalid')] '
2023-09-04 16:03:55,338 **** ERROR **** serializers **** serializers.py **** Line: 245 **** User is required to Create Link'
2023-09-04 16:03:55,340 **** ERROR **** serializers **** serializers.py **** Line: 255 **** Can't create Transaction: [ErrorDetail(string='User is required to Create Link', code='invalid')] '
2023-09-04 16:05:02,780 **** ERROR **** serializers **** serializers.py **** Line: 255 **** Can't create Transaction: ['“” is not a valid UUID.'] '
2023-09-04 16:05:10,573 **** ERROR **** serializers **** serializers.py **** Line: 255 **** Can't create Transaction: ['“” is not a valid UUID.'] '
2023-09-04 16:05:10,580 **** ERROR **** serializers **** serializers.py **** Line: 255 **** Can't create Transaction: ['“” is not a valid UUID.'] '
2023-09-04 16:06:03,477 **** ERROR **** serializers **** serializers.py **** Line: 255 **** Can't create Transaction: ['“” is not a valid UUID.'] '
2023-09-04 16:06:13,606 **** ERROR **** serializers **** serializers.py **** Line: 255 **** Can't create Transaction: ['“” is not a valid UUID.'] '
2023-09-04 16:06:13,609 **** ERROR **** serializers **** serializers.py **** Line: 255 **** Can't create Transaction: ['“” is not a valid UUID.'] '
2023-09-04 16:15:32,117 **** ERROR **** serializers **** serializers.py **** Line: 245 **** User is required to Create Link'
2023-09-04 16:15:32,117 **** ERROR **** serializers **** serializers.py **** Line: 255 **** Can't create Transaction: [ErrorDetail(string='User is required to Create Link', code='invalid')] '
2023-09-04 16:15:32,139 **** ERROR **** serializers **** serializers.py **** Line: 245 **** User is required to Create Link'
2023-09-04 16:15:32,144 **** ERROR **** serializers **** serializers.py **** Line: 255 **** Can't create Transaction: [ErrorDetail(string='User is required to Create Link', code='invalid')] '
2023-09-04 16:15:32,290 **** ERROR **** serializers **** serializers.py **** Line: 245 **** User is required to Create Link'
2023-09-04 16:15:32,292 **** ERROR **** serializers **** serializers.py **** Line: 255 **** Can't create Transaction: [ErrorDetail(string='User is required to Create Link', code='invalid')] '
2023-09-04 16:15:32,335 **** ERROR **** serializers **** serializers.py **** Line: 245 **** User is required to Create Link'
2023-09-04 16:15:32,339 **** ERROR **** serializers **** serializers.py **** Line: 255 **** Can't create Transaction: [ErrorDetail(string='User is required to Create Link', code='invalid')] '
2023-09-04 16:15:35,831 **** ERROR **** serializers **** serializers.py **** Line: 245 **** User is required to Create Link'
2023-09-04 16:15:35,833 **** ERROR **** serializers **** serializers.py **** Line: 255 **** Can't create Transaction: [ErrorDetail(string='User is required to Create Link', code='invalid')] '
2023-09-04 16:15:35,892 **** ERROR **** serializers **** serializers.py **** Line: 245 **** User is required to Create Link'
2023-09-04 16:15:35,892 **** ERROR **** serializers **** serializers.py **** Line: 255 **** Can't create Transaction: [ErrorDetail(string='User is required to Create Link', code='invalid')] '
2023-09-04 16:23:02,632 **** ERROR **** serializers **** serializers.py **** Line: 255 **** Can't create Transaction: ['“” is not a valid UUID.'] '
2023-09-04 16:23:03,171 **** ERROR **** serializers **** serializers.py **** Line: 255 **** Can't create Transaction: ['“” is not a valid UUID.'] '
2023-09-04 16:24:45,389 **** ERROR **** serializers **** serializers.py **** Line: 245 **** User is required to Create Link'
2023-09-04 16:24:45,393 **** ERROR **** serializers **** serializers.py **** Line: 255 **** Can't create Transaction: [ErrorDetail(string='User is required to Create Link', code='invalid')] '
2023-09-04 16:24:45,477 **** ERROR **** serializers **** serializers.py **** Line: 245 **** User is required to Create Link'
2023-09-04 16:24:45,489 **** ERROR **** serializers **** serializers.py **** Line: 255 **** Can't create Transaction: [ErrorDetail(string='User is required to Create Link', code='invalid')] '
2023-09-04 16:26:06,655 **** ERROR **** serializers **** serializers.py **** Line: 255 **** Can't create Transaction: ['“” is not a valid UUID.'] '
2023-09-04 16:26:07,636 **** ERROR **** serializers **** serializers.py **** Line: 255 **** Can't create Transaction: ['“” is not a valid UUID.'] '
2023-09-04 19:47:55,146 **** ERROR **** serializers **** serializers.py **** Line: 245 **** User is required to Create Link'
2023-09-04 19:47:55,146 **** ERROR **** serializers **** serializers.py **** Line: 255 **** Can't create Transaction: [ErrorDetail(string='User is required to Create Link', code='invalid')] '
2023-09-04 19:47:55,158 **** ERROR **** serializers **** serializers.py **** Line: 245 **** User is required to Create Link'
2023-09-04 19:47:55,158 **** ERROR **** serializers **** serializers.py **** Line: 255 **** Can't create Transaction: [ErrorDetail(string='User is required to Create Link', code='invalid')] '
2023-09-04 19:47:56,183 **** ERROR **** serializers **** serializers.py **** Line: 245 **** User is required to Create Link'
2023-09-04 19:47:56,184 **** ERROR **** serializers **** serializers.py **** Line: 255 **** Can't create Transaction: [ErrorDetail(string='User is required to Create Link', code='invalid')] '
2023-09-04 19:47:56,217 **** ERROR **** serializers **** serializers.py **** Line: 245 **** User is required to Create Link'
2023-09-04 19:47:56,218 **** ERROR **** serializers **** serializers.py **** Line: 255 **** Can't create Transaction: [ErrorDetail(string='User is required to Create Link', code='invalid')] '
2023-09-04 19:47:57,162 **** ERROR **** serializers **** serializers.py **** Line: 245 **** User is required to Create Link'
2023-09-04 19:47:57,168 **** ERROR **** serializers **** serializers.py **** Line: 255 **** Can't create Transaction: [ErrorDetail(string='User is required to Create Link', code='invalid')] '
2023-09-04 19:47:57,207 **** ERROR **** serializers **** serializers.py **** Line: 245 **** User is required to Create Link'
2023-09-04 19:47:57,208 **** ERROR **** serializers **** serializers.py **** Line: 255 **** Can't create Transaction: [ErrorDetail(string='User is required to Create Link', code='invalid')] '
2023-09-04 19:55:34,769 **** ERROR **** serializers **** serializers.py **** Line: 245 **** User is required to Create Link'
2023-09-04 19:55:34,769 **** ERROR **** serializers **** serializers.py **** Line: 255 **** Can't create Transaction: [ErrorDetail(string='User is required to Create Link', code='invalid')] '
2023-09-04 19:55:34,908 **** ERROR **** serializers **** serializers.py **** Line: 245 **** User is required to Create Link'
2023-09-04 19:55:34,909 **** ERROR **** serializers **** serializers.py **** Line: 255 **** Can't create Transaction: [ErrorDetail(string='User is required to Create Link', code='invalid')] '
2023-09-04 19:55:35,628 **** ERROR **** serializers **** serializers.py **** Line: 245 **** User is required to Create Link'
2023-09-04 19:55:35,629 **** ERROR **** serializers **** serializers.py **** Line: 255 **** Can't create Transaction: [ErrorDetail(string='User is required to Create Link', code='invalid')] '
2023-09-04 19:55:35,791 **** ERROR **** serializers **** serializers.py **** Line: 245 **** User is required to Create Link'
2023-09-04 19:55:35,792 **** ERROR **** serializers **** serializers.py **** Line: 255 **** Can't create Transaction: [ErrorDetail(string='User is required to Create Link', code='invalid')] '
2023-09-04 19:56:45,862 **** ERROR **** serializers **** serializers.py **** Line: 245 **** User is required to Create Link'
2023-09-04 19:56:45,862 **** ERROR **** serializers **** serializers.py **** Line: 255 **** Can't create Transaction: [ErrorDetail(string='User is required to Create Link', code='invalid')] '
2023-09-04 19:56:45,975 **** ERROR **** serializers **** serializers.py **** Line: 245 **** User is required to Create Link'
2023-09-04 19:56:45,980 **** ERROR **** serializers **** serializers.py **** Line: 255 **** Can't create Transaction: [ErrorDetail(string='User is required to Create Link', code='invalid')] '
2023-09-04 19:57:00,455 **** ERROR **** serializers **** serializers.py **** Line: 245 **** User is required to Create Link'
2023-09-04 19:57:00,458 **** ERROR **** serializers **** serializers.py **** Line: 245 **** User is required to Create Link'
2023-09-04 19:57:00,462 **** ERROR **** serializers **** serializers.py **** Line: 255 **** Can't create Transaction: [ErrorDetail(string='User is required to Create Link', code='invalid')] '
2023-09-04 19:57:00,464 **** ERROR **** serializers **** serializers.py **** Line: 255 **** Can't create Transaction: [ErrorDetail(string='User is required to Create Link', code='invalid')] '
2023-09-05 01:27:09,833 **** ERROR **** serializers **** serializers.py **** Line: 255 **** Can't create Transaction: ['“” is not a valid UUID.'] '
2023-09-05 01:27:09,836 **** ERROR **** serializers **** serializers.py **** Line: 255 **** Can't create Transaction: ['“” is not a valid UUID.'] '
2023-09-05 01:43:12,938 **** ERROR **** serializers **** serializers.py **** Line: 255 **** Can't create Transaction: ['“” is not a valid UUID.'] '
2023-09-05 01:43:12,941 **** ERROR **** serializers **** serializers.py **** Line: 255 **** Can't create Transaction: ['“” is not a valid UUID.'] '
2023-09-05 01:43:18,070 **** ERROR **** serializers **** serializers.py **** Line: 255 **** Can't create Transaction: ['“” is not a valid UUID.'] '
2023-09-05 01:43:18,074 **** ERROR **** serializers **** serializers.py **** Line: 255 **** Can't create Transaction: ['“” is not a valid UUID.'] '
2023-09-05 01:43:21,462 **** ERROR **** serializers **** serializers.py **** Line: 255 **** Can't create Transaction: ['“” is not a valid UUID.'] '
2023-09-05 01:43:21,480 **** ERROR **** serializers **** serializers.py **** Line: 255 **** Can't create Transaction: ['“” is not a valid UUID.'] '
2023-09-05 01:43:52,670 **** ERROR **** serializers **** serializers.py **** Line: 255 **** Can't create Transaction: ['“” is not a valid UUID.'] '
2023-09-05 01:43:52,673 **** ERROR **** serializers **** serializers.py **** Line: 255 **** Can't create Transaction: ['“” is not a valid UUID.'] '
2023-09-05 01:46:32,005 **** ERROR **** serializers **** serializers.py **** Line: 255 **** Can't create Transaction: ['“” is not a valid UUID.'] '
2023-09-05 01:48:45,333 **** ERROR **** serializers **** serializers.py **** Line: 255 **** Can't create Transaction: ['“” is not a valid UUID.'] '
2023-09-05 01:48:45,334 **** ERROR **** serializers **** serializers.py **** Line: 255 **** Can't create Transaction: ['“” is not a valid UUID.'] '
2023-09-05 01:54:34,827 **** ERROR **** serializers **** serializers.py **** Line: 255 **** Can't create Transaction: ['“” is not a valid UUID.'] '
2023-09-05 01:54:36,590 **** ERROR **** serializers **** serializers.py **** Line: 255 **** Can't create Transaction: ['“” is not a valid UUID.'] '
2023-09-05 02:04:12,805 **** ERROR **** serializers **** serializers.py **** Line: 255 **** Can't create Transaction: ['“” is not a valid UUID.'] '
2023-09-05 02:04:13,157 **** ERROR **** serializers **** serializers.py **** Line: 255 **** Can't create Transaction: ['“” is not a valid UUID.'] '
2023-09-05 02:05:55,685 **** ERROR **** serializers **** serializers.py **** Line: 255 **** Can't create Transaction: ['“” is not a valid UUID.'] '
2023-09-05 02:05:55,687 **** ERROR **** serializers **** serializers.py **** Line: 255 **** Can't create Transaction: ['“” is not a valid UUID.'] '
2023-09-05 02:06:12,071 **** ERROR **** serializers **** serializers.py **** Line: 255 **** Can't create Transaction: ['“” is not a valid UUID.'] '
2023-09-05 02:06:12,086 **** ERROR **** serializers **** serializers.py **** Line: 255 **** Can't create Transaction: ['“” is not a valid UUID.'] '
2023-09-05 03:01:08,999 **** ERROR **** serializers **** serializers.py **** Line: 255 **** Can't create Transaction: ['“” is not a valid UUID.'] '
2023-09-05 03:04:36,074 **** ERROR **** serializers **** serializers.py **** Line: 255 **** Can't create Transaction: ['“” is not a valid UUID.'] '
2023-09-05 03:04:36,079 **** ERROR **** serializers **** serializers.py **** Line: 255 **** Can't create Transaction: ['“” is not a valid UUID.'] '
2023-09-05 03:11:18,108 **** ERROR **** serializers **** serializers.py **** Line: 255 **** Can't create Transaction: ['“” is not a valid UUID.'] '
2023-09-05 03:11:18,111 **** ERROR **** serializers **** serializers.py **** Line: 255 **** Can't create Transaction: ['“” is not a valid UUID.'] '
2023-09-05 03:14:02,568 **** ERROR **** serializers **** serializers.py **** Line: 255 **** Can't create Transaction: ['“” is not a valid UUID.'] '
2023-09-05 03:14:02,569 **** ERROR **** serializers **** serializers.py **** Line: 255 **** Can't create Transaction: ['“” is not a valid UUID.'] '
2023-09-05 03:16:24,602 **** ERROR **** serializers **** serializers.py **** Line: 255 **** Can't create Transaction: ['“” is not a valid UUID.'] '
2023-09-05 03:16:26,023 **** ERROR **** serializers **** serializers.py **** Line: 255 **** Can't create Transaction: ['“” is not a valid UUID.'] '
2023-09-05 03:16:44,570 **** ERROR **** serializers **** serializers.py **** Line: 255 **** Can't create Transaction: ['“” is not a valid UUID.'] '
2023-09-05 03:16:44,639 **** ERROR **** serializers **** serializers.py **** Line: 255 **** Can't create Transaction: ['“” is not a valid UUID.'] '
2023-09-05 03:19:10,595 **** ERROR **** serializers **** serializers.py **** Line: 255 **** Can't create Transaction: ['“” is not a valid UUID.'] '
2023-09-05 03:19:10,598 **** ERROR **** serializers **** serializers.py **** Line: 255 **** Can't create Transaction: ['“” is not a valid UUID.'] '
2023-09-05 03:19:51,556 **** ERROR **** serializers **** serializers.py **** Line: 255 **** Can't create Transaction: ['“” is not a valid UUID.'] '
2023-09-05 03:19:51,562 **** ERROR **** serializers **** serializers.py **** Line: 255 **** Can't create Transaction: ['“” is not a valid UUID.'] '
