2023-08-27 16:39:24,126 **** ERROR **** serializers **** serializers.py **** Line: 132 **** Couldn't create Connect Account for the User'
2023-08-27 16:40:07,901 **** ERROR **** serializers **** serializers.py **** Line: 133 **** Couldn't create Connect Account for the User'
2023-08-27 16:40:47,238 **** ERROR **** serializers **** serializers.py **** Line: 132 **** Couldn't create Connect Account for the User'
2023-08-27 16:41:08,253 **** ERROR **** serializers **** serializers.py **** Line: 132 **** Couldn't create Connect Account for the User'
2023-08-27 18:25:23,645 **** ERROR **** serializers **** serializers.py **** Line: 184 **** Can't create Card No API key provided. (HINT: set your API key using "stripe.api_key = <API-KEY>"). You can generate API keys from the Stripe web interface.  See https://stripe.com/api for details, or email support@stripe.com if you have any questions.'
2023-08-27 18:25:52,733 **** ERROR **** serializers **** serializers.py **** Line: 184 **** Can't create Card No API key provided. (HINT: set your API key using "stripe.api_key = <API-KEY>"). You can generate API keys from the Stripe web interface.  See https://stripe.com/api for details, or email support@stripe.com if you have any questions.'
2023-08-27 18:26:58,990 **** ERROR **** serializers **** serializers.py **** Line: 184 **** Can't create Card No API key provided. (HINT: set your API key using "stripe.api_key = <API-KEY>"). You can generate API keys from the Stripe web interface.  See https://stripe.com/api for details, or email support@stripe.com if you have any questions.'
2023-08-27 18:30:12,171 **** ERROR **** serializers **** serializers.py **** Line: 200 **** Can't attach card to customer No API key provided. (HINT: set your API key using "stripe.api_key = <API-KEY>"). You can generate API keys from the Stripe web interface.  See https://stripe.com/api for details, or email support@stripe.com if you have any questions.'
2023-08-27 18:31:53,543 **** ERROR **** serializers **** serializers.py **** Line: 201 **** Can't attach card to customer 'User' object has no attribute 'customer''
2023-08-27 18:33:01,927 **** ERROR **** serializers **** serializers.py **** Line: 201 **** Can't attach card to customer ['“{\n  "address_city": null,\n  "address_country": null,\n  "address_line1": null,\n  "address_line1_check": null,\n  "address_line2": null,\n  "address_state": null,\n  "address_zip": null,\n  "address_zip_check": null,\n  "brand": "Visa",\n  "country": "US",\n  "customer": "cus_OWr02IPSut1tSh",\n  "cvc_check": null,\n  "dynamic_last4": null,\n  "exp_month": 8,\n  "exp_year": 2024,\n  "fingerprint": "nAKDEhYjcZGPgDyz",\n  "funding": "credit",\n  "id": "card_1NjnlhApCx3tuvVbgyQ1XBQr",\n  "last4": "4242",\n  "metadata": {},\n  "name": null,\n  "object": "card",\n  "tokenization_method": null,\n  "wallet": null\n}” is not a valid UUID.']'
2023-08-27 18:34:33,765 **** ERROR **** serializers **** serializers.py **** Line: 201 **** Can't attach card to customer 'User' object has no attribute 'customer''
2023-08-28 04:57:04,515 **** ERROR **** serializers **** serializers.py **** Line: 24 **** Price is required for the Product'
2023-08-28 04:57:54,276 **** ERROR **** serializers **** serializers.py **** Line: 24 **** Price is required for the Product'
2023-08-28 04:58:19,102 **** ERROR **** serializers **** serializers.py **** Line: 24 **** Price is required for the Product'
2023-08-28 04:58:58,047 **** ERROR **** serializers **** serializers.py **** Line: 24 **** Price is required for the Product'
2023-08-28 05:00:05,896 **** ERROR **** serializers **** serializers.py **** Line: 24 **** Price is required for the Product'
2023-08-28 06:39:32,182 **** ERROR **** serializers **** serializers.py **** Line: 202 **** Can't create Transaction: Reverse for 'transaction' not found. 'transaction' is not a valid view function or pattern name.'
2023-08-28 06:53:19,383 **** ERROR **** serializers **** serializers.py **** Line: 202 **** Can't create Transaction: Request req_yCs94HShypaSkz: Invalid URL: /api/transaction/. URLs must begin with http or https.'
2023-08-28 07:14:06,524 **** ERROR **** serializers **** serializers.py **** Line: 190 **** Can't create Transaction '
2023-08-28 07:14:39,465 **** ERROR **** serializers **** serializers.py **** Line: 190 **** Can't create Transaction: NOT NULL constraint failed: accounts_transaction.product_id '
2023-08-28 07:15:56,816 **** ERROR **** serializers **** serializers.py **** Line: 191 **** Can't create Transaction: NOT NULL constraint failed: accounts_transaction.product_id '
2023-08-28 07:20:38,020 **** ERROR **** serializers **** serializers.py **** Line: 191 **** Can't create Transaction: NOT NULL constraint failed: accounts_transaction.product_id '
2023-08-28 07:21:26,173 **** ERROR **** serializers **** serializers.py **** Line: 191 **** Can't create Transaction: NOT NULL constraint failed: accounts_transaction.product_id '
2023-08-28 07:28:41,853 **** ERROR **** serializers **** serializers.py **** Line: 229 **** Can't create Transaction: Reverse for 'payment_successful' with arguments '(UUID('c3f4f3aa-b254-47e2-a7b4-62d8866b476e'),)' not found. 1 pattern(s) tried: ['api/payment_successful/\\Z']'
2023-08-28 07:29:05,986 **** ERROR **** serializers **** serializers.py **** Line: 229 **** Can't create Transaction: Reverse for 'payment_successful' with arguments '('196cd8cb-de77-4c1a-ba88-0a4f40839933',)' not found. 1 pattern(s) tried: ['api/payment_successful/\\Z']'
2023-08-28 07:30:11,164 **** ERROR **** serializers **** serializers.py **** Line: 230 **** Can't create Transaction: Reverse for 'payment_successful' with arguments '('7dcbb8e9-ec04-46ba-98f4-98e827b83cfa',)' not found. 1 pattern(s) tried: ['api/payment_successful/\\Z']'
2023-08-28 07:32:29,028 **** ERROR **** serializers **** serializers.py **** Line: 230 **** Can't create Transaction: Reverse for 'payment_successful' with arguments '('9', '9', 'a', 'b', 'd', '7', '6', '2', '-', 'e', '5', '2', '4', '-', '4', '8', '6', '1', '-', 'b', '8', '6', 'a', '-', '1', '8', '2', 'a', '4', 'e', '2', '1', 'd', '2', '0', '4')' not found. 1 pattern(s) tried: ['api/payment_successful/\\Z']'
2023-08-28 07:32:44,099 **** ERROR **** serializers **** serializers.py **** Line: 230 **** Can't create Transaction: Reverse for 'payment_successful' with arguments '('6300d872-86fd-4997-99b6-c9bb82aa1fc3',)' not found. 1 pattern(s) tried: ['api/payment_successful/\\Z']'
2023-08-28 08:53:09,250 **** ERROR **** serializers **** serializers.py **** Line: 77 **** Can't create Message: no such table: app_control_message '
2023-08-28 08:57:07,756 **** ERROR **** serializers **** serializers.py **** Line: 78 **** Can't create Message: QuerySet.create() takes 1 positional argument but 2 were given '
2023-08-28 08:59:15,687 **** ERROR **** serializers **** serializers.py **** Line: 83 **** Can't create Message: QuerySet.create() takes 1 positional argument but 2 were given '
2023-08-28 08:59:21,866 **** ERROR **** serializers **** serializers.py **** Line: 83 **** Can't create Message: QuerySet.create() takes 1 positional argument but 2 were given '
2023-08-29 05:30:40,784 **** ERROR **** serializers **** serializers.py **** Line: 133 **** Can't create User send_mail() missing 3 required positional arguments: 'message', 'from_email', and 'recipient_list''
2023-08-29 05:46:38,101 **** INFO **** serializers **** serializers.py **** Line: 113 **** eyJhbGciOiJIUzI1NiIsInR5cCI6IkpXVCJ9.eyJ0b2tlbl90eXBlIjoicmVmcmVzaCIsImV4cCI6MTY5MzM3NDM5OCwiaWF0IjoxNjkzMjg3OTk4LCJqdGkiOiJkNjJiYjYzZWIxOTc0MzRhOTFmZjQ0OWI0MTdmZjU1MiIsInVzZXJfaWQiOiI5ZTI5YzY0MS0yNTgzLTRlNTEtYjRhOS1hMjM5MjU0YTBiNWQifQ.uUJIMbG-leCPkfF4oyjxnhGlbCai0qbi6L_RttsdpdA'
2023-08-29 05:47:28,667 **** INFO **** serializers **** serializers.py **** Line: 118 **** http://127.0.0.1:8000/api/verify/eyJhbGciOiJIUzI1NiIsInR5cCI6IkpXVCJ9.eyJ0b2tlbl90eXBlIjoicmVmcmVzaCIsImV4cCI6MTY5MzM3NDQ0OCwiaWF0IjoxNjkzMjg4MDQ4LCJqdGkiOiI4YmZjZmMxNGQyMzg0MzQwYWNmMWY3OTdkZjZhOTQ4NiIsInVzZXJfaWQiOiJkYzFhYjJkYi1jOWZmLTQxYTYtYTgxNC1jNDZhNjE0ZDg1MjIifQ.xq2BPzWLIt0JvNRPEIPRwJZ2hN1JD4M1HaSCzsXecwg/'
2023-08-29 05:48:15,538 **** INFO **** serializers **** serializers.py **** Line: 118 **** http://127.0.0.1:8000/api/verify/eyJhbGciOiJIUzI1NiIsInR5cCI6IkpXVCJ9.eyJ0b2tlbl90eXBlIjoicmVmcmVzaCIsImV4cCI6MTY5MzM3NDQ5NSwiaWF0IjoxNjkzMjg4MDk1LCJqdGkiOiJjNmRkMzljYWE2NzQ0MzVmODJkODAyMTdkNjQwODNiYiIsInVzZXJfaWQiOiI2ODc0YWYzNC0xMzhlLTQyMDItODYxMS03ZTA4MTBmZTEzY2QifQ.QUHuamZZZ-EWX44gA0vyhxBJsMTVbjvvtLaXCw29YTY/'
2023-08-29 05:49:56,282 **** INFO **** serializers **** serializers.py **** Line: 118 **** http://127.0.0.1:8000/api/verify/eyJhbGciOiJIUzI1NiIsInR5cCI6IkpXVCJ9.eyJ0b2tlbl90eXBlIjoicmVmcmVzaCIsImV4cCI6MTY5MzM3NDU5NiwiaWF0IjoxNjkzMjg4MTk2LCJqdGkiOiI1NWEyMjZkN2ZjZDg0YjRhOTc3ZmQ0OWJjNzM2NGUyMCIsInVzZXJfaWQiOiI0YTJlOGViOS03MjllLTRkYTQtYmY5OC1lMzk2NWNjZjAxODIifQ.wT6nEEPYQxmPA1p4aH7zoaPxu5JySQLAa_xGU9oQj9E/'
2023-08-29 06:00:03,288 **** INFO **** serializers **** serializers.py **** Line: 140 **** http://127.0.0.1:8000/api/verify/eyJhbGciOiJIUzI1NiIsInR5cCI6IkpXVCJ9.eyJ0b2tlbl90eXBlIjoicmVmcmVzaCIsImV4cCI6MTY5MzM3NTIwMywiaWF0IjoxNjkzMjg4ODAzLCJqdGkiOiIzNzA3ZjE3M2JiYjc0NzMwYjNmODg3YWRhYTE1ZGFlMiIsInVzZXJfaWQiOiI4MmVlNmFkNy05NzRjLTRmYjQtYTI5OS04MTZhNDcwN2VmMzEifQ.rVo1JplGgqNS9QcSvx1et1Qip7AVturIMhz7q3_RacY/'
2023-08-29 06:21:28,499 **** INFO **** serializers **** serializers.py **** Line: 140 **** http://127.0.0.1:8000/api/verify/eyJhbGciOiJIUzI1NiIsInR5cCI6IkpXVCJ9.eyJ0b2tlbl90eXBlIjoicmVmcmVzaCIsImV4cCI6MTY5MzM3NjQ4OCwiaWF0IjoxNjkzMjkwMDg4LCJqdGkiOiIwYjQxMDUxZDcyZjM0NDVhOWFiYWMwN2JjMjY2YjA5NyIsInVzZXJfaWQiOiIyZGYwMzViOS1hYThjLTRlYjItYWFkMS1iNjUyNDBmM2MxZjkifQ.N5C1n5-pz3Whwzlb9znSpzC72eITCaLAXrQ3sJzIId0/'
2023-08-29 06:26:30,241 **** INFO **** serializers **** serializers.py **** Line: 141 **** http://127.0.0.1:8000/api/verify/'
2023-08-29 06:27:00,455 **** INFO **** serializers **** serializers.py **** Line: 140 **** http://127.0.0.1:8000/api/verify?token=eyJhbGciOiJIUzI1NiIsInR5cCI6IkpXVCJ9.eyJ0b2tlbl90eXBlIjoicmVmcmVzaCIsImV4cCI6MTY5MzM3NjgyMCwiaWF0IjoxNjkzMjkwNDIwLCJqdGkiOiJiZjcyMzZlY2VhNmE0ZWI5YWNkMGI4MzAwNDJjNDZmNCIsInVzZXJfaWQiOiI3MWE3ZmQ3MC1mMGU0LTRkYmEtODZhMi0zOWQ0NGJhOWExN2MifQ.tPvlmW8-hAZE7Llo15dBDQcGnhD-cJKzOMuLoTnwOLM'
2023-08-29 06:33:28,853 **** INFO **** serializers **** serializers.py **** Line: 142 **** http://127.0.0.1:8000/api/verify?token=eyJhbGciOiJIUzI1NiIsInR5cCI6IkpXVCJ9.eyJ0b2tlbl90eXBlIjoicmVmcmVzaCIsImV4cCI6MTY5MzM3NzIwOCwiaWF0IjoxNjkzMjkwODA4LCJqdGkiOiIxMTA3N2JjYTgyZGQ0NTUzYjQzNDM5ODlhNmQxOTRlYiIsInVzZXJfaWQiOiJjZWM3ODhjYy0xZWJjLTRjMzUtYjkyYy03ZDRjNDUwYjcwYzYifQ.GsSD7xy2W-4jwZKt8hYLYPnfJAtxGc5CO3E-gybALb8'
2023-08-29 06:36:08,968 **** INFO **** serializers **** serializers.py **** Line: 142 **** http://127.0.0.1:8000/api/verify?token=eyJhbGciOiJIUzI1NiIsInR5cCI6IkpXVCJ9.eyJ0b2tlbl90eXBlIjoicmVmcmVzaCIsImV4cCI6MTY5MzM3NzM2OCwiaWF0IjoxNjkzMjkwOTY4LCJqdGkiOiIzZmVmMmFiNWVkYTI0ODNkOTBlMTMyYmMxOWIxNmVmMSIsInVzZXJfaWQiOiI0NzgzMzZhNC0yNjQwLTQyYWEtODZhNi1mNjc3M2EyNGY0YmYifQ.M4Qoily78asKGLJ-wJFcnzj5JHXpCbmexD6wk2LJ-Oc'
2023-08-29 06:43:33,142 **** INFO **** views **** views.py **** Line: 150 **** {'token_type': 'access', 'exp': 1724395397, 'iat': 1693291397, 'jti': 'd47e728884d5480382a12a3ef2807564', 'user_id': 'dd46a23d-a642-4190-ab32-9879581045c4'}'
2023-08-29 06:51:13,639 **** ERROR **** views **** views.py **** Line: 156 **** Error on Payment Successful Token is invalid or expired'
2023-08-29 06:51:36,516 **** ERROR **** views **** views.py **** Line: 156 **** Error on Payment Successful Token is invalid or expired'
2023-08-29 06:53:36,598 **** ERROR **** views **** views.py **** Line: 156 **** Error on Payment Successful Token is invalid or expired'
2023-08-29 06:54:44,674 **** ERROR **** views **** views.py **** Line: 156 **** Error on Payment Successful Token is invalid or expired'
2023-08-29 06:54:56,638 **** ERROR **** views **** views.py **** Line: 156 **** Error on Payment Successful Token is invalid or expired'
